This file contains any messages produced by compilers while
running configure, to aid debugging if configure makes a mistake.

It was created by fox configure 1.6.52, which was
generated by GNU Autoconf 2.68.  Invocation command line was

  $ ./configure --prefix=c:/fra/local --enable-release --with-opengl=no --with-xft=no

## --------- ##
## Platform. ##
## --------- ##

hostname = CRO07850
uname -m = x86_64
uname -r = 2.5.0(0.295/5/3)
uname -s = MINGW64_NT-6.1
uname -v = 2016-03-31 18:47

/usr/bin/uname -p = unknown
/bin/uname -X     = unknown

/bin/arch              = x86_64
/usr/bin/arch -k       = unknown
/usr/convex/getsysinfo = unknown
/usr/bin/hostinfo      = unknown
/bin/machine           = unknown
/usr/bin/oslevel       = unknown
/bin/universe          = unknown

PATH: /mingw64/bin
PATH: /usr/bin
PATH: /bin
PATH: /c/Windows/system32
PATH: /c/Windows
PATH: /usr/bin/vendor_perl
PATH: /usr/bin/core_perl
PATH: /c/logiciels/tdm-gcc-64/bin
PATH: /c/fra/python


## ----------- ##
## Core tests. ##
## ----------- ##

configure:2653: checking for a BSD-compatible install
configure:2721: result: /usr/bin/install -c
configure:2732: checking whether build environment is sane
configure:2782: result: yes
configure:2923: checking for a thread-safe mkdir -p
configure:2962: result: /usr/bin/mkdir -p
configure:2975: checking for gawk
configure:2991: found /usr/bin/gawk
configure:3002: result: gawk
configure:3013: checking whether make sets $(MAKE)
configure:3035: result: yes
configure:3135: checking major version
configure:3137: result: 1
configure:3139: checking minor version
configure:3141: result: 6
configure:3143: checking patch level
configure:3145: result: 52
configure:3185: checking for style of include used by make
configure:3213: result: GNU
configure:3284: checking for gcc
configure:3300: found /c/logiciels/tdm-gcc-64/bin/gcc
configure:3311: result: gcc
configure:3540: checking for C compiler version
configure:3549: gcc --version >&5
gcc.exe (tdm64-1) 5.1.0
Copyright (C) 2015 Free Software Foundation, Inc.
This is free software; see the source for copying conditions.  There is NO
warranty; not even for MERCHANTABILITY or FITNESS FOR A PARTICULAR PURPOSE.

configure:3560: $? = 0
configure:3549: gcc -v >&5
Using built-in specs.
COLLECT_GCC=C:\logiciels\tdm-gcc-64\bin\gcc.exe
COLLECT_LTO_WRAPPER=C:/logiciels/tdm-gcc-64/bin/../libexec/gcc/x86_64-w64-mingw32/5.1.0/lto-wrapper.exe
Target: x86_64-w64-mingw32
Configured with: ../../../src/gcc-5.1.0/configure --build=x86_64-w64-mingw32 --enable-targets=all --enable-languages=ada,c,c++,fortran,lto,objc,obj-c++ --enable-libgomp --enable-lto --enable-graphite --enable-cxx-flags=-DWINPTHREAD_STATIC --disable-build-with-cxx --disable-build-poststage1-with-cxx --enable-libstdcxx-debug --enable-threads=posix --enable-version-specific-runtime-libs --enable-fully-dynamic-string --enable-libstdcxx-threads --enable-libstdcxx-time --with-gnu-ld --disable-werror --disable-nls --disable-win32-registry --prefix=/mingw64tdm --with-local-prefix=/mingw64tdm --with-pkgversion=tdm64-1 --with-bugurl=http://tdm-gcc.tdragon.net/bugs
Thread model: posix
gcc version 5.1.0 (tdm64-1) 
configure:3560: $? = 0
configure:3549: gcc -V >&5
gcc.exe: error: unrecognized command line option '-V'
gcc.exe: fatal error: no input files
compilation terminated.
configure:3560: $? = 1
configure:3549: gcc -qversion >&5
gcc.exe: error: unrecognized command line option '-qversion'
gcc.exe: fatal error: no input files
compilation terminated.
configure:3560: $? = 1
configure:3580: checking whether the C compiler works
configure:3602: gcc    conftest.c  >&5
configure:3606: $? = 0
configure:3654: result: yes
configure:3657: checking for C compiler default output file name
configure:3659: result: a.exe
configure:3665: checking for suffix of executables
configure:3672: gcc -o conftest.exe    conftest.c  >&5
configure:3676: $? = 0
configure:3698: result: .exe
configure:3720: checking whether we are cross compiling
configure:3728: gcc -o conftest.exe    conftest.c  >&5
configure:3732: $? = 0
configure:3739: ./conftest.exe
configure:3743: $? = 0
configure:3758: result: no
configure:3763: checking for suffix of object files
configure:3785: gcc -c   conftest.c >&5
configure:3789: $? = 0
configure:3810: result: o
configure:3814: checking whether we are using the GNU C compiler
configure:3833: gcc -c   conftest.c >&5
configure:3833: $? = 0
configure:3842: result: yes
configure:3851: checking whether gcc accepts -g
configure:3871: gcc -c -g  conftest.c >&5
configure:3871: $? = 0
configure:3912: result: yes
configure:3929: checking for gcc option to accept ISO C89
configure:3993: gcc  -c -g -O2  conftest.c >&5
configure:3993: $? = 0
configure:4006: result: none needed
configure:4028: checking dependency style of gcc
configure:4139: result: gcc3
configure:4160: checking how to run the C preprocessor
configure:4191: gcc -E  conftest.c
configure:4191: $? = 0
configure:4205: gcc -E  conftest.c
conftest.c:11:28: fatal error: ac_nonexistent.h: No such file or directory
compilation terminated.
configure:4205: $? = 1
configure: failed program was:
| /* confdefs.h */
| #define PACKAGE_NAME "fox"
| #define PACKAGE_TARNAME "fox"
| #define PACKAGE_VERSION "1.6.52"
| #define PACKAGE_STRING "fox 1.6.52"
| #define PACKAGE_BUGREPORT "jeroen@fox-toolkit.com"
| #define PACKAGE_URL ""
| #define PACKAGE "fox"
| #define VERSION "1.6.52"
| /* end confdefs.h.  */
| #include <ac_nonexistent.h>
configure:4230: result: gcc -E
configure:4250: gcc -E  conftest.c
configure:4250: $? = 0
configure:4264: gcc -E  conftest.c
conftest.c:11:28: fatal error: ac_nonexistent.h: No such file or directory
compilation terminated.
configure:4264: $? = 1
configure: failed program was:
| /* confdefs.h */
| #define PACKAGE_NAME "fox"
| #define PACKAGE_TARNAME "fox"
| #define PACKAGE_VERSION "1.6.52"
| #define PACKAGE_STRING "fox 1.6.52"
| #define PACKAGE_BUGREPORT "jeroen@fox-toolkit.com"
| #define PACKAGE_URL ""
| #define PACKAGE "fox"
| #define VERSION "1.6.52"
| /* end confdefs.h.  */
| #include <ac_nonexistent.h>
configure:4293: checking for grep that handles long lines and -e
configure:4351: result: /usr/bin/grep
configure:4356: checking for egrep
configure:4418: result: /usr/bin/grep -E
configure:4423: checking for ANSI C header files
configure:4443: gcc -c -g -O2  conftest.c >&5
configure:4443: $? = 0
configure:4516: gcc -o conftest.exe -g -O2   conftest.c  >&5
configure:4516: $? = 0
configure:4516: ./conftest.exe
configure:4516: $? = 0
configure:4527: result: yes
configure:4540: checking for sys/types.h
configure:4540: gcc -c -g -O2  conftest.c >&5
configure:4540: $? = 0
configure:4540: result: yes
configure:4540: checking for sys/stat.h
configure:4540: gcc -c -g -O2  conftest.c >&5
configure:4540: $? = 0
configure:4540: result: yes
configure:4540: checking for stdlib.h
configure:4540: gcc -c -g -O2  conftest.c >&5
configure:4540: $? = 0
configure:4540: result: yes
configure:4540: checking for string.h
configure:4540: gcc -c -g -O2  conftest.c >&5
configure:4540: $? = 0
configure:4540: result: yes
configure:4540: checking for memory.h
configure:4540: gcc -c -g -O2  conftest.c >&5
configure:4540: $? = 0
configure:4540: result: yes
configure:4540: checking for strings.h
configure:4540: gcc -c -g -O2  conftest.c >&5
configure:4540: $? = 0
configure:4540: result: yes
configure:4540: checking for inttypes.h
configure:4540: gcc -c -g -O2  conftest.c >&5
configure:4540: $? = 0
configure:4540: result: yes
configure:4540: checking for stdint.h
configure:4540: gcc -c -g -O2  conftest.c >&5
configure:4540: $? = 0
configure:4540: result: yes
configure:4540: checking for unistd.h
configure:4540: gcc -c -g -O2  conftest.c >&5
configure:4540: $? = 0
configure:4540: result: yes
configure:4553: checking minix/config.h usability
configure:4553: gcc -c -g -O2  conftest.c >&5
conftest.c:54:26: fatal error: minix/config.h: No such file or directory
compilation terminated.
configure:4553: $? = 1
configure: failed program was:
| /* confdefs.h */
| #define PACKAGE_NAME "fox"
| #define PACKAGE_TARNAME "fox"
| #define PACKAGE_VERSION "1.6.52"
| #define PACKAGE_STRING "fox 1.6.52"
| #define PACKAGE_BUGREPORT "jeroen@fox-toolkit.com"
| #define PACKAGE_URL ""
| #define PACKAGE "fox"
| #define VERSION "1.6.52"
| #define STDC_HEADERS 1
| #define HAVE_SYS_TYPES_H 1
| #define HAVE_SYS_STAT_H 1
| #define HAVE_STDLIB_H 1
| #define HAVE_STRING_H 1
| #define HAVE_MEMORY_H 1
| #define HAVE_STRINGS_H 1
| #define HAVE_INTTYPES_H 1
| #define HAVE_STDINT_H 1
| #define HAVE_UNISTD_H 1
| /* end confdefs.h.  */
| #include <stdio.h>
| #ifdef HAVE_SYS_TYPES_H
| # include <sys/types.h>
| #endif
| #ifdef HAVE_SYS_STAT_H
| # include <sys/stat.h>
| #endif
| #ifdef STDC_HEADERS
| # include <stdlib.h>
| # include <stddef.h>
| #else
| # ifdef HAVE_STDLIB_H
| #  include <stdlib.h>
| # endif
| #endif
| #ifdef HAVE_STRING_H
| # if !defined STDC_HEADERS && defined HAVE_MEMORY_H
| #  include <memory.h>
| # endif
| # include <string.h>
| #endif
| #ifdef HAVE_STRINGS_H
| # include <strings.h>
| #endif
| #ifdef HAVE_INTTYPES_H
| # include <inttypes.h>
| #endif
| #ifdef HAVE_STDINT_H
| # include <stdint.h>
| #endif
| #ifdef HAVE_UNISTD_H
| # include <unistd.h>
| #endif
| #include <minix/config.h>
configure:4553: result: no
configure:4553: checking minix/config.h presence
configure:4553: gcc -E  conftest.c
conftest.c:21:26: fatal error: minix/config.h: No such file or directory
compilation terminated.
configure:4553: $? = 1
configure: failed program was:
| /* confdefs.h */
| #define PACKAGE_NAME "fox"
| #define PACKAGE_TARNAME "fox"
| #define PACKAGE_VERSION "1.6.52"
| #define PACKAGE_STRING "fox 1.6.52"
| #define PACKAGE_BUGREPORT "jeroen@fox-toolkit.com"
| #define PACKAGE_URL ""
| #define PACKAGE "fox"
| #define VERSION "1.6.52"
| #define STDC_HEADERS 1
| #define HAVE_SYS_TYPES_H 1
| #define HAVE_SYS_STAT_H 1
| #define HAVE_STDLIB_H 1
| #define HAVE_STRING_H 1
| #define HAVE_MEMORY_H 1
| #define HAVE_STRINGS_H 1
| #define HAVE_INTTYPES_H 1
| #define HAVE_STDINT_H 1
| #define HAVE_UNISTD_H 1
| /* end confdefs.h.  */
| #include <minix/config.h>
configure:4553: result: no
configure:4553: checking for minix/config.h
configure:4553: result: no
configure:4574: checking whether it is safe to define __EXTENSIONS__
configure:4592: gcc -c -g -O2  conftest.c >&5
configure:4592: $? = 0
configure:4599: result: yes
configure:4736: checking for C++ compiler version
configure:4745: gcc --version >&5
gcc.exe (tdm64-1) 5.1.0
Copyright (C) 2015 Free Software Foundation, Inc.
This is free software; see the source for copying conditions.  There is NO
warranty; not even for MERCHANTABILITY or FITNESS FOR A PARTICULAR PURPOSE.

configure:4756: $? = 0
configure:4745: gcc -v >&5
Using built-in specs.
COLLECT_GCC=C:\logiciels\tdm-gcc-64\bin\gcc.exe
COLLECT_LTO_WRAPPER=C:/logiciels/tdm-gcc-64/bin/../libexec/gcc/x86_64-w64-mingw32/5.1.0/lto-wrapper.exe
Target: x86_64-w64-mingw32
Configured with: ../../../src/gcc-5.1.0/configure --build=x86_64-w64-mingw32 --enable-targets=all --enable-languages=ada,c,c++,fortran,lto,objc,obj-c++ --enable-libgomp --enable-lto --enable-graphite --enable-cxx-flags=-DWINPTHREAD_STATIC --disable-build-with-cxx --disable-build-poststage1-with-cxx --enable-libstdcxx-debug --enable-threads=posix --enable-version-specific-runtime-libs --enable-fully-dynamic-string --enable-libstdcxx-threads --enable-libstdcxx-time --with-gnu-ld --disable-werror --disable-nls --disable-win32-registry --prefix=/mingw64tdm --with-local-prefix=/mingw64tdm --with-pkgversion=tdm64-1 --with-bugurl=http://tdm-gcc.tdragon.net/bugs
Thread model: posix
gcc version 5.1.0 (tdm64-1) 
configure:4756: $? = 0
configure:4745: gcc -V >&5
gcc.exe: error: unrecognized command line option '-V'
gcc.exe: fatal error: no input files
compilation terminated.
configure:4756: $? = 1
configure:4745: gcc -qversion >&5
gcc.exe: error: unrecognized command line option '-qversion'
gcc.exe: fatal error: no input files
compilation terminated.
configure:4756: $? = 1
configure:4760: checking whether we are using the GNU C++ compiler
configure:4779: gcc -c   conftest.cpp >&5
configure:4779: $? = 0
configure:4788: result: yes
configure:4797: checking whether gcc accepts -g
configure:4817: gcc -c -g  conftest.cpp >&5
configure:4817: $? = 0
configure:4858: result: yes
configure:4883: checking dependency style of gcc
configure:4994: result: gcc3
configure:5057: checking for gcc
configure:5084: result: gcc
configure:5313: checking for C compiler version
configure:5322: gcc --version >&5
gcc.exe (tdm64-1) 5.1.0
Copyright (C) 2015 Free Software Foundation, Inc.
This is free software; see the source for copying conditions.  There is NO
warranty; not even for MERCHANTABILITY or FITNESS FOR A PARTICULAR PURPOSE.

configure:5333: $? = 0
configure:5322: gcc -v >&5
Using built-in specs.
COLLECT_GCC=C:\logiciels\tdm-gcc-64\bin\gcc.exe
COLLECT_LTO_WRAPPER=C:/logiciels/tdm-gcc-64/bin/../libexec/gcc/x86_64-w64-mingw32/5.1.0/lto-wrapper.exe
Target: x86_64-w64-mingw32
Configured with: ../../../src/gcc-5.1.0/configure --build=x86_64-w64-mingw32 --enable-targets=all --enable-languages=ada,c,c++,fortran,lto,objc,obj-c++ --enable-libgomp --enable-lto --enable-graphite --enable-cxx-flags=-DWINPTHREAD_STATIC --disable-build-with-cxx --disable-build-poststage1-with-cxx --enable-libstdcxx-debug --enable-threads=posix --enable-version-specific-runtime-libs --enable-fully-dynamic-string --enable-libstdcxx-threads --enable-libstdcxx-time --with-gnu-ld --disable-werror --disable-nls --disable-win32-registry --prefix=/mingw64tdm --with-local-prefix=/mingw64tdm --with-pkgversion=tdm64-1 --with-bugurl=http://tdm-gcc.tdragon.net/bugs
Thread model: posix
gcc version 5.1.0 (tdm64-1) 
configure:5333: $? = 0
configure:5322: gcc -V >&5
gcc.exe: error: unrecognized command line option '-V'
gcc.exe: fatal error: no input files
compilation terminated.
configure:5333: $? = 1
configure:5322: gcc -qversion >&5
gcc.exe: error: unrecognized command line option '-qversion'
gcc.exe: fatal error: no input files
compilation terminated.
configure:5333: $? = 1
configure:5337: checking whether we are using the GNU C compiler
configure:5365: result: yes
configure:5374: checking whether gcc accepts -g
configure:5435: result: yes
configure:5452: checking for gcc option to accept ISO C89
configure:5529: result: none needed
configure:5551: checking dependency style of gcc
configure:5662: result: gcc3
configure:5682: checking how to run the C preprocessor
configure:5752: result: gcc -E
configure:5772: gcc -E  conftest.c
configure:5772: $? = 0
configure:5786: gcc -E  conftest.c
conftest.c:26:28: fatal error: ac_nonexistent.h: No such file or directory
compilation terminated.
configure:5786: $? = 1
configure: failed program was:
| /* confdefs.h */
| #define PACKAGE_NAME "fox"
| #define PACKAGE_TARNAME "fox"
| #define PACKAGE_VERSION "1.6.52"
| #define PACKAGE_STRING "fox 1.6.52"
| #define PACKAGE_BUGREPORT "jeroen@fox-toolkit.com"
| #define PACKAGE_URL ""
| #define PACKAGE "fox"
| #define VERSION "1.6.52"
| #define STDC_HEADERS 1
| #define HAVE_SYS_TYPES_H 1
| #define HAVE_SYS_STAT_H 1
| #define HAVE_STDLIB_H 1
| #define HAVE_STRING_H 1
| #define HAVE_MEMORY_H 1
| #define HAVE_STRINGS_H 1
| #define HAVE_INTTYPES_H 1
| #define HAVE_STDINT_H 1
| #define HAVE_UNISTD_H 1
| #define __EXTENSIONS__ 1
| #define _ALL_SOURCE 1
| #define _GNU_SOURCE 1
| #define _POSIX_PTHREAD_SEMANTICS 1
| #define _TANDEM_SOURCE 1
| /* end confdefs.h.  */
| #include <ac_nonexistent.h>
configure:5815: checking whether ln -s works
configure:5822: result: no, using cp -p
configure:5826: checking whether make sets $(MAKE)
configure:5848: result: yes
configure:5886: checking build system type
configure:5900: result: x86_64-pc-mingw32
configure:5920: checking host system type
configure:5933: result: x86_64-pc-mingw32
configure:5974: checking how to print strings
configure:6001: result: printf
configure:6022: checking for a sed that does not truncate output
configure:6086: result: /usr/bin/sed
configure:6104: checking for fgrep
configure:6166: result: /usr/bin/grep -F
configure:6201: checking for ld used by gcc
configure:6268: result: C:/logiciels/tdm-gcc-64/x86_64-w64-mingw32/bin/ld.exe
configure:6275: checking if the linker (C:/logiciels/tdm-gcc-64/x86_64-w64-mingw32/bin/ld.exe) is GNU ld
configure:6290: result: yes
configure:6302: checking for BSD- or MS-compatible name lister (nm)
configure:6351: result: /c/logiciels/tdm-gcc-64/bin/nm
configure:6481: checking the name lister (/c/logiciels/tdm-gcc-64/bin/nm) interface
configure:6488: gcc -c   conftest.cpp >&5
configure:6491: /c/logiciels/tdm-gcc-64/bin/nm "conftest.o"
configure:6494: output
0000000000000000 b .bss
0000000000000000 d .data
0000000000000000 r .rdata$zzz
0000000000000000 t .text
0000000000000000 B some_variable
configure:6501: result: BSD nm
configure:6505: checking the maximum length of command line arguments
configure:6635: result: 8192
configure:6652: checking whether the shell understands some XSI constructs
configure:6662: result: yes
configure:6666: checking whether the shell understands "+="
configure:6672: result: yes
configure:6707: checking how to convert x86_64-pc-mingw32 file names to x86_64-pc-mingw32 format
configure:6747: result: func_convert_file_msys_to_w32
configure:6754: checking how to convert x86_64-pc-mingw32 file names to toolchain format
configure:6774: result: func_convert_file_msys_to_w32
configure:6781: checking for C:/logiciels/tdm-gcc-64/x86_64-w64-mingw32/bin/ld.exe option to reload object files
configure:6788: result: -r
configure:6862: checking for objdump
configure:6878: found /c/logiciels/tdm-gcc-64/bin/objdump
configure:6889: result: objdump
configure:6921: checking how to recognize dependent libraries
configure:7123: result: file_magic ^x86 archive import|^x86 DLL
configure:7208: checking for dlltool
configure:7224: found /c/logiciels/tdm-gcc-64/bin/dlltool
configure:7235: result: dlltool
configure:7268: checking how to associate runtime and link libraries
configure:7295: result: func_cygming_dll_for_implib
configure:7356: checking for ar
configure:7372: found /c/logiciels/tdm-gcc-64/bin/ar
configure:7383: result: ar
configure:7420: checking for archiver @FILE support
configure:7437: gcc -c   conftest.cpp >&5
configure:7437: $? = 0
configure:7440: ar cru libconftest.a @conftest.lst >&5
configure:7443: $? = 0
configure:7448: ar cru libconftest.a @conftest.lst >&5
C:\logiciels\tdm-gcc-64\bin\ar.exe: conftest.o: No such file or directory
configure:7451: $? = 1
configure:7463: result: @
configure:7521: checking for strip
configure:7537: found /c/logiciels/tdm-gcc-64/bin/strip
configure:7548: result: strip
configure:7620: checking for ranlib
configure:7636: found /c/logiciels/tdm-gcc-64/bin/ranlib
configure:7647: result: ranlib
configure:7749: checking command to parse /c/logiciels/tdm-gcc-64/bin/nm output from gcc object
configure:7869: gcc -c   conftest.cpp >&5
configure:7872: $? = 0
configure:7876: /c/logiciels/tdm-gcc-64/bin/nm conftest.o \| sed -n -e 's/^.*[ ]\([ABCDGIRSTW][ABCDGIRSTW]*\)[ ][ ]*\([_A-Za-z][_A-Za-z0-9]*\)\{0,1\}$/\1 \2 \2/p' | sed '/ __gnu_lto/d' \> conftest.nm
configure:7879: $? = 0
configure:7945: gcc -o conftest.exe    conftest.cpp conftstm.o >&5
configure:7948: $? = 0
configure:7986: result: ok
configure:8023: checking for sysroot
configure:8053: result: no
configure:8309: checking for mt
configure:8339: result: no
configure:8359: checking if : is a manifest tool
configure:8365: : '-?'
configure:8373: result: no
configure:9012: checking for dlfcn.h
configure:9012: gcc -c   conftest.cpp >&5
conftest.cpp:60:19: fatal error: dlfcn.h: No such file or directory
compilation terminated.
configure:9012: $? = 1
configure: failed program was:
| /* confdefs.h */
| #define PACKAGE_NAME "fox"
| #define PACKAGE_TARNAME "fox"
| #define PACKAGE_VERSION "1.6.52"
| #define PACKAGE_STRING "fox 1.6.52"
| #define PACKAGE_BUGREPORT "jeroen@fox-toolkit.com"
| #define PACKAGE_URL ""
| #define PACKAGE "fox"
| #define VERSION "1.6.52"
| #define STDC_HEADERS 1
| #define HAVE_SYS_TYPES_H 1
| #define HAVE_SYS_STAT_H 1
| #define HAVE_STDLIB_H 1
| #define HAVE_STRING_H 1
| #define HAVE_MEMORY_H 1
| #define HAVE_STRINGS_H 1
| #define HAVE_INTTYPES_H 1
| #define HAVE_STDINT_H 1
| #define HAVE_UNISTD_H 1
| #define __EXTENSIONS__ 1
| #define _ALL_SOURCE 1
| #define _GNU_SOURCE 1
| #define _POSIX_PTHREAD_SEMANTICS 1
| #define _TANDEM_SOURCE 1
| /* end confdefs.h.  */
| #include <stdio.h>
| #ifdef HAVE_SYS_TYPES_H
| # include <sys/types.h>
| #endif
| #ifdef HAVE_SYS_STAT_H
| # include <sys/stat.h>
| #endif
| #ifdef STDC_HEADERS
| # include <stdlib.h>
| # include <stddef.h>
| #else
| # ifdef HAVE_STDLIB_H
| #  include <stdlib.h>
| # endif
| #endif
| #ifdef HAVE_STRING_H
| # if !defined STDC_HEADERS && defined HAVE_MEMORY_H
| #  include <memory.h>
| # endif
| # include <string.h>
| #endif
| #ifdef HAVE_STRINGS_H
| # include <strings.h>
| #endif
| #ifdef HAVE_INTTYPES_H
| # include <inttypes.h>
| #endif
| #ifdef HAVE_STDINT_H
| # include <stdint.h>
| #endif
| #ifdef HAVE_UNISTD_H
| # include <unistd.h>
| #endif
| 
| #include <dlfcn.h>
configure:9012: result: no
configure:9228: checking for objdir
configure:9243: result: .libs
configure:9510: checking if gcc supports -fno-rtti -fno-exceptions
configure:9528: gcc -c -g -O2  -fno-rtti -fno-exceptions conftest.c >&5
cc1.exe: warning: command line option '-fno-rtti' is valid for C++/ObjC++ but not for C
configure:9532: $? = 0
configure:9545: result: no
configure:9872: checking for gcc option to produce PIC
configure:9879: result: -DDLL_EXPORT -DPIC
configure:9887: checking if gcc PIC flag -DDLL_EXPORT -DPIC works
configure:9905: gcc -c -g -O2  -DDLL_EXPORT -DPIC -DPIC conftest.c >&5
configure:9909: $? = 0
configure:9922: result: yes
configure:9951: checking if gcc static flag -static works
configure:9979: result: yes
configure:9994: checking if gcc supports -c -o file.o
configure:10015: gcc -c -g -O2  -o out/conftest2.o conftest.c >&5
configure:10019: $? = 0
configure:10041: result: yes
configure:10049: checking if gcc supports -c -o file.o
configure:10096: result: yes
configure:10129: checking whether the gcc linker (C:/logiciels/tdm-gcc-64/x86_64-w64-mingw32/bin/ld.exe) supports shared libraries
configure:11282: result: yes
configure:11319: checking whether -lc should be explicitly linked in
configure:11327: gcc -c -g -O2  conftest.c >&5
configure:11330: $? = 0
configure:11345: gcc -shared conftest.o  -v -o ./conftest -Wl,--enable-auto-image-base -Xlinker --out-implib -Xlinker conftest 2\>\&1 \| /usr/bin/grep  -lc  \>/dev/null 2\>\&1
configure:11348: $? = 1
configure:11362: result: yes
configure:11522: checking dynamic linker characteristics
configure:12259: result: Win32 ld.exe
configure:12366: checking how to hardcode library paths into programs
configure:12391: result: immediate
configure:12931: checking whether stripping libraries is possible
configure:12936: result: yes
configure:12971: checking if libtool supports shared libraries
configure:12973: result: yes
configure:12976: checking whether to build shared libraries
configure:12997: result: yes
configure:13000: checking whether to build static libraries
configure:13004: result: yes
configure:13027: checking how to run the C++ preprocessor
configure:13054: gcc -E  conftest.cpp
configure:13054: $? = 0
configure:13068: gcc -E  conftest.cpp
conftest.cpp:27:28: fatal error: ac_nonexistent.h: No such file or directory
compilation terminated.
configure:13068: $? = 1
configure: failed program was:
| /* confdefs.h */
| #define PACKAGE_NAME "fox"
| #define PACKAGE_TARNAME "fox"
| #define PACKAGE_VERSION "1.6.52"
| #define PACKAGE_STRING "fox 1.6.52"
| #define PACKAGE_BUGREPORT "jeroen@fox-toolkit.com"
| #define PACKAGE_URL ""
| #define PACKAGE "fox"
| #define VERSION "1.6.52"
| #define STDC_HEADERS 1
| #define HAVE_SYS_TYPES_H 1
| #define HAVE_SYS_STAT_H 1
| #define HAVE_STDLIB_H 1
| #define HAVE_STRING_H 1
| #define HAVE_MEMORY_H 1
| #define HAVE_STRINGS_H 1
| #define HAVE_INTTYPES_H 1
| #define HAVE_STDINT_H 1
| #define HAVE_UNISTD_H 1
| #define __EXTENSIONS__ 1
| #define _ALL_SOURCE 1
| #define _GNU_SOURCE 1
| #define _POSIX_PTHREAD_SEMANTICS 1
| #define _TANDEM_SOURCE 1
| #define LT_OBJDIR ".libs/"
| /* end confdefs.h.  */
| #include <ac_nonexistent.h>
configure:13093: result: gcc -E
configure:13113: gcc -E  conftest.cpp
configure:13113: $? = 0
configure:13127: gcc -E  conftest.cpp
conftest.cpp:27:28: fatal error: ac_nonexistent.h: No such file or directory
compilation terminated.
configure:13127: $? = 1
configure: failed program was:
| /* confdefs.h */
| #define PACKAGE_NAME "fox"
| #define PACKAGE_TARNAME "fox"
| #define PACKAGE_VERSION "1.6.52"
| #define PACKAGE_STRING "fox 1.6.52"
| #define PACKAGE_BUGREPORT "jeroen@fox-toolkit.com"
| #define PACKAGE_URL ""
| #define PACKAGE "fox"
| #define VERSION "1.6.52"
| #define STDC_HEADERS 1
| #define HAVE_SYS_TYPES_H 1
| #define HAVE_SYS_STAT_H 1
| #define HAVE_STDLIB_H 1
| #define HAVE_STRING_H 1
| #define HAVE_MEMORY_H 1
| #define HAVE_STRINGS_H 1
| #define HAVE_INTTYPES_H 1
| #define HAVE_STDINT_H 1
| #define HAVE_UNISTD_H 1
| #define __EXTENSIONS__ 1
| #define _ALL_SOURCE 1
| #define _GNU_SOURCE 1
| #define _POSIX_PTHREAD_SEMANTICS 1
| #define _TANDEM_SOURCE 1
| #define LT_OBJDIR ".libs/"
| /* end confdefs.h.  */
| #include <ac_nonexistent.h>
configure:13296: checking for ld used by gcc
configure:13363: result: C:/logiciels/tdm-gcc-64/x86_64-w64-mingw32/bin/ld.exe
configure:13370: checking if the linker (C:/logiciels/tdm-gcc-64/x86_64-w64-mingw32/bin/ld.exe) is GNU ld
configure:13385: result: yes
configure:13440: checking whether the gcc linker (C:/logiciels/tdm-gcc-64/x86_64-w64-mingw32/bin/ld.exe) supports shared libraries
configure:14445: result: yes
configure:14481: gcc -c   conftest.cpp >&5
configure:14484: $? = 0
configure:15004: checking for gcc option to produce PIC
configure:15011: result: -DDLL_EXPORT -DPIC
configure:15019: checking if gcc PIC flag -DDLL_EXPORT -DPIC works
configure:15037: gcc -c   -DDLL_EXPORT -DPIC -DPIC conftest.cpp >&5
configure:15041: $? = 0
configure:15054: result: yes
configure:15077: checking if gcc static flag -static works
configure:15105: result: yes
configure:15117: checking if gcc supports -c -o file.o
configure:15138: gcc -c   -o out/conftest2.o conftest.cpp >&5
configure:15142: $? = 0
configure:15164: result: yes
configure:15169: checking if gcc supports -c -o file.o
configure:15216: result: yes
configure:15246: checking whether the gcc linker (C:/logiciels/tdm-gcc-64/x86_64-w64-mingw32/bin/ld.exe) supports shared libraries
configure:15282: result: yes
configure:15423: checking dynamic linker characteristics
configure:16094: result: Win32 ld.exe
configure:16147: checking how to hardcode library paths into programs
configure:16172: result: immediate
configure:16240: checking for X
configure:16348: gcc -E  conftest.cpp
conftest.cpp:27:22: fatal error: X11/Xlib.h: No such file or directory
compilation terminated.
configure:16348: $? = 1
configure: failed program was:
| /* confdefs.h */
| #define PACKAGE_NAME "fox"
| #define PACKAGE_TARNAME "fox"
| #define PACKAGE_VERSION "1.6.52"
| #define PACKAGE_STRING "fox 1.6.52"
| #define PACKAGE_BUGREPORT "jeroen@fox-toolkit.com"
| #define PACKAGE_URL ""
| #define PACKAGE "fox"
| #define VERSION "1.6.52"
| #define STDC_HEADERS 1
| #define HAVE_SYS_TYPES_H 1
| #define HAVE_SYS_STAT_H 1
| #define HAVE_STDLIB_H 1
| #define HAVE_STRING_H 1
| #define HAVE_MEMORY_H 1
| #define HAVE_STRINGS_H 1
| #define HAVE_INTTYPES_H 1
| #define HAVE_STDINT_H 1
| #define HAVE_UNISTD_H 1
| #define __EXTENSIONS__ 1
| #define _ALL_SOURCE 1
| #define _GNU_SOURCE 1
| #define _POSIX_PTHREAD_SEMANTICS 1
| #define _TANDEM_SOURCE 1
| #define LT_OBJDIR ".libs/"
| /* end confdefs.h.  */
| #include <X11/Xlib.h>
configure:16379: gcc -o conftest.exe    conftest.cpp -lX11  >&5
conftest.cpp:27:22: fatal error: X11/Xlib.h: No such file or directory
compilation terminated.
configure:16379: $? = 1
configure: failed program was:
| /* confdefs.h */
| #define PACKAGE_NAME "fox"
| #define PACKAGE_TARNAME "fox"
| #define PACKAGE_VERSION "1.6.52"
| #define PACKAGE_STRING "fox 1.6.52"
| #define PACKAGE_BUGREPORT "jeroen@fox-toolkit.com"
| #define PACKAGE_URL ""
| #define PACKAGE "fox"
| #define VERSION "1.6.52"
| #define STDC_HEADERS 1
| #define HAVE_SYS_TYPES_H 1
| #define HAVE_SYS_STAT_H 1
| #define HAVE_STDLIB_H 1
| #define HAVE_STRING_H 1
| #define HAVE_MEMORY_H 1
| #define HAVE_STRINGS_H 1
| #define HAVE_INTTYPES_H 1
| #define HAVE_STDINT_H 1
| #define HAVE_UNISTD_H 1
| #define __EXTENSIONS__ 1
| #define _ALL_SOURCE 1
| #define _GNU_SOURCE 1
| #define _POSIX_PTHREAD_SEMANTICS 1
| #define _TANDEM_SOURCE 1
| #define LT_OBJDIR ".libs/"
| /* end confdefs.h.  */
| #include <X11/Xlib.h>
| int
| main ()
| {
| XrmInitialize ()
|   ;
|   return 0;
| }
configure:16418: result: no
configure:16923: checking whether time.h and sys/time.h may both be included
configure:16943: gcc -c   conftest.cpp >&5
configure:16943: $? = 0
configure:16950: result: yes
configure:16958: checking for sys/wait.h that is POSIX.1 compatible
configure:16984: gcc -c   conftest.cpp >&5
conftest.cpp:30:22: fatal error: sys/wait.h: No such file or directory
compilation terminated.
configure:16984: $? = 1
configure: failed program was:
| /* confdefs.h */
| #define PACKAGE_NAME "fox"
| #define PACKAGE_TARNAME "fox"
| #define PACKAGE_VERSION "1.6.52"
| #define PACKAGE_STRING "fox 1.6.52"
| #define PACKAGE_BUGREPORT "jeroen@fox-toolkit.com"
| #define PACKAGE_URL ""
| #define PACKAGE "fox"
| #define VERSION "1.6.52"
| #define STDC_HEADERS 1
| #define HAVE_SYS_TYPES_H 1
| #define HAVE_SYS_STAT_H 1
| #define HAVE_STDLIB_H 1
| #define HAVE_STRING_H 1
| #define HAVE_MEMORY_H 1
| #define HAVE_STRINGS_H 1
| #define HAVE_INTTYPES_H 1
| #define HAVE_STDINT_H 1
| #define HAVE_UNISTD_H 1
| #define __EXTENSIONS__ 1
| #define _ALL_SOURCE 1
| #define _GNU_SOURCE 1
| #define _POSIX_PTHREAD_SEMANTICS 1
| #define _TANDEM_SOURCE 1
| #define LT_OBJDIR ".libs/"
| #define X_DISPLAY_MISSING 1
| #define TIME_WITH_SYS_TIME 1
| /* end confdefs.h.  */
| #include <sys/types.h>
| #include <sys/wait.h>
| #ifndef WEXITSTATUS
| # define WEXITSTATUS(stat_val) ((unsigned int) (stat_val) >> 8)
| #endif
| #ifndef WIFEXITED
| # define WIFEXITED(stat_val) (((stat_val) & 255) == 0)
| #endif
| 
| int
| main ()
| {
|   int s;
|   wait (&s);
|   s = WIFEXITED (s) ? WEXITSTATUS (s) : 1;
|   ;
|   return 0;
| }
configure:16991: result: no
configure:17002: checking for dirent.h that defines DIR
configure:17021: gcc -c   conftest.cpp >&5
configure:17021: $? = 0
configure:17029: result: yes
configure:17042: checking for library containing opendir
configure:17073: gcc -o conftest.exe    conftest.cpp  >&5
configure:17073: $? = 0
configure:17090: result: none required
configure:17163: checking for stdlib.h
configure:17163: result: yes
configure:17163: checking for unistd.h
configure:17163: result: yes
configure:17163: checking for sys/param.h
configure:17163: gcc -c   conftest.cpp >&5
configure:17163: $? = 0
configure:17163: result: yes
configure:17183: checking for getpagesize
configure:17183: gcc -o conftest.exe    conftest.cpp  >&5
configure:17183: $? = 0
configure:17183: result: yes
configure:17192: checking for working mmap
configure:17339: gcc -o conftest.exe    conftest.cpp  >&5
conftest.cpp:93:22: fatal error: sys/mman.h: No such file or directory
compilation terminated.
configure:17339: $? = 1
configure: program exited with status 1
configure: failed program was:
| /* confdefs.h */
| #define PACKAGE_NAME "fox"
| #define PACKAGE_TARNAME "fox"
| #define PACKAGE_VERSION "1.6.52"
| #define PACKAGE_STRING "fox 1.6.52"
| #define PACKAGE_BUGREPORT "jeroen@fox-toolkit.com"
| #define PACKAGE_URL ""
| #define PACKAGE "fox"
| #define VERSION "1.6.52"
| #define STDC_HEADERS 1
| #define HAVE_SYS_TYPES_H 1
| #define HAVE_SYS_STAT_H 1
| #define HAVE_STDLIB_H 1
| #define HAVE_STRING_H 1
| #define HAVE_MEMORY_H 1
| #define HAVE_STRINGS_H 1
| #define HAVE_INTTYPES_H 1
| #define HAVE_STDINT_H 1
| #define HAVE_UNISTD_H 1
| #define __EXTENSIONS__ 1
| #define _ALL_SOURCE 1
| #define _GNU_SOURCE 1
| #define _POSIX_PTHREAD_SEMANTICS 1
| #define _TANDEM_SOURCE 1
| #define LT_OBJDIR ".libs/"
| #define X_DISPLAY_MISSING 1
| #define TIME_WITH_SYS_TIME 1
| #define HAVE_DIRENT_H 1
| #define HAVE_STDLIB_H 1
| #define HAVE_UNISTD_H 1
| #define HAVE_SYS_PARAM_H 1
| #define HAVE_GETPAGESIZE 1
| /* end confdefs.h.  */
| #include <stdio.h>
| #ifdef HAVE_SYS_TYPES_H
| # include <sys/types.h>
| #endif
| #ifdef HAVE_SYS_STAT_H
| # include <sys/stat.h>
| #endif
| #ifdef STDC_HEADERS
| # include <stdlib.h>
| # include <stddef.h>
| #else
| # ifdef HAVE_STDLIB_H
| #  include <stdlib.h>
| # endif
| #endif
| #ifdef HAVE_STRING_H
| # if !defined STDC_HEADERS && defined HAVE_MEMORY_H
| #  include <memory.h>
| # endif
| # include <string.h>
| #endif
| #ifdef HAVE_STRINGS_H
| # include <strings.h>
| #endif
| #ifdef HAVE_INTTYPES_H
| # include <inttypes.h>
| #endif
| #ifdef HAVE_STDINT_H
| # include <stdint.h>
| #endif
| #ifdef HAVE_UNISTD_H
| # include <unistd.h>
| #endif
| /* malloc might have been renamed as rpl_malloc. */
| #undef malloc
| 
| /* Thanks to Mike Haertel and Jim Avera for this test.
|    Here is a matrix of mmap possibilities:
| 	mmap private not fixed
| 	mmap private fixed at somewhere currently unmapped
| 	mmap private fixed at somewhere already mapped
| 	mmap shared not fixed
| 	mmap shared fixed at somewhere currently unmapped
| 	mmap shared fixed at somewhere already mapped
|    For private mappings, we should verify that changes cannot be read()
|    back from the file, nor mmap's back from the file at a different
|    address.  (There have been systems where private was not correctly
|    implemented like the infamous i386 svr4.0, and systems where the
|    VM page cache was not coherent with the file system buffer cache
|    like early versions of FreeBSD and possibly contemporary NetBSD.)
|    For shared mappings, we should conversely verify that changes get
|    propagated back to all the places they're supposed to be.
| 
|    Grep wants private fixed already mapped.
|    The main things grep needs to know about mmap are:
|    * does it exist and is it safe to write into the mmap'd area
|    * how to use it (BSD variants)  */
| 
| #include <fcntl.h>
| #include <sys/mman.h>
| 
| #if !defined STDC_HEADERS && !defined HAVE_STDLIB_H
| char *malloc ();
| #endif
| 
| /* This mess was copied from the GNU getpagesize.h.  */
| #ifndef HAVE_GETPAGESIZE
| # ifdef _SC_PAGESIZE
| #  define getpagesize() sysconf(_SC_PAGESIZE)
| # else /* no _SC_PAGESIZE */
| #  ifdef HAVE_SYS_PARAM_H
| #   include <sys/param.h>
| #   ifdef EXEC_PAGESIZE
| #    define getpagesize() EXEC_PAGESIZE
| #   else /* no EXEC_PAGESIZE */
| #    ifdef NBPG
| #     define getpagesize() NBPG * CLSIZE
| #     ifndef CLSIZE
| #      define CLSIZE 1
| #     endif /* no CLSIZE */
| #    else /* no NBPG */
| #     ifdef NBPC
| #      define getpagesize() NBPC
| #     else /* no NBPC */
| #      ifdef PAGESIZE
| #       define getpagesize() PAGESIZE
| #      endif /* PAGESIZE */
| #     endif /* no NBPC */
| #    endif /* no NBPG */
| #   endif /* no EXEC_PAGESIZE */
| #  else /* no HAVE_SYS_PARAM_H */
| #   define getpagesize() 8192	/* punt totally */
| #  endif /* no HAVE_SYS_PARAM_H */
| # endif /* no _SC_PAGESIZE */
| 
| #endif /* no HAVE_GETPAGESIZE */
| 
| int
| main ()
| {
|   char *data, *data2, *data3;
|   const char *cdata2;
|   int i, pagesize;
|   int fd, fd2;
| 
|   pagesize = getpagesize ();
| 
|   /* First, make a file with some known garbage in it. */
|   data = (char *) malloc (pagesize);
|   if (!data)
|     return 1;
|   for (i = 0; i < pagesize; ++i)
|     *(data + i) = rand ();
|   umask (0);
|   fd = creat ("conftest.mmap", 0600);
|   if (fd < 0)
|     return 2;
|   if (write (fd, data, pagesize) != pagesize)
|     return 3;
|   close (fd);
| 
|   /* Next, check that the tail of a page is zero-filled.  File must have
|      non-zero length, otherwise we risk SIGBUS for entire page.  */
|   fd2 = open ("conftest.txt", O_RDWR | O_CREAT | O_TRUNC, 0600);
|   if (fd2 < 0)
|     return 4;
|   cdata2 = "";
|   if (write (fd2, cdata2, 1) != 1)
|     return 5;
|   data2 = (char *) mmap (0, pagesize, PROT_READ | PROT_WRITE, MAP_SHARED, fd2, 0L);
|   if (data2 == MAP_FAILED)
|     return 6;
|   for (i = 0; i < pagesize; ++i)
|     if (*(data2 + i))
|       return 7;
|   close (fd2);
|   if (munmap (data2, pagesize))
|     return 8;
| 
|   /* Next, try to mmap the file at a fixed address which already has
|      something else allocated at it.  If we can, also make sure that
|      we see the same garbage.  */
|   fd = open ("conftest.mmap", O_RDWR);
|   if (fd < 0)
|     return 9;
|   if (data2 != mmap (data2, pagesize, PROT_READ | PROT_WRITE,
| 		     MAP_PRIVATE | MAP_FIXED, fd, 0L))
|     return 10;
|   for (i = 0; i < pagesize; ++i)
|     if (*(data + i) != *(data2 + i))
|       return 11;
| 
|   /* Finally, make sure that changes to the mapped area do not
|      percolate back to the file as seen by read().  (This is a bug on
|      some variants of i386 svr4.0.)  */
|   for (i = 0; i < pagesize; ++i)
|     *(data2 + i) = *(data2 + i) + 1;
|   data3 = (char *) malloc (pagesize);
|   if (!data3)
|     return 12;
|   if (read (fd, data3, pagesize) != pagesize)
|     return 13;
|   for (i = 0; i < pagesize; ++i)
|     if (*(data + i) != *(data3 + i))
|       return 14;
|   close (fd);
|   return 0;
| }
configure:17349: result: no
configure:17366: checking whether byte ordering is bigendian
configure:17381: gcc -c   conftest.cpp >&5
conftest.cpp:35:9: error: expected unqualified-id before 'not' token
         not a universal capable compiler
         ^
configure:17381: $? = 1
configure: failed program was:
| /* confdefs.h */
| #define PACKAGE_NAME "fox"
| #define PACKAGE_TARNAME "fox"
| #define PACKAGE_VERSION "1.6.52"
| #define PACKAGE_STRING "fox 1.6.52"
| #define PACKAGE_BUGREPORT "jeroen@fox-toolkit.com"
| #define PACKAGE_URL ""
| #define PACKAGE "fox"
| #define VERSION "1.6.52"
| #define STDC_HEADERS 1
| #define HAVE_SYS_TYPES_H 1
| #define HAVE_SYS_STAT_H 1
| #define HAVE_STDLIB_H 1
| #define HAVE_STRING_H 1
| #define HAVE_MEMORY_H 1
| #define HAVE_STRINGS_H 1
| #define HAVE_INTTYPES_H 1
| #define HAVE_STDINT_H 1
| #define HAVE_UNISTD_H 1
| #define __EXTENSIONS__ 1
| #define _ALL_SOURCE 1
| #define _GNU_SOURCE 1
| #define _POSIX_PTHREAD_SEMANTICS 1
| #define _TANDEM_SOURCE 1
| #define LT_OBJDIR ".libs/"
| #define X_DISPLAY_MISSING 1
| #define TIME_WITH_SYS_TIME 1
| #define HAVE_DIRENT_H 1
| #define HAVE_STDLIB_H 1
| #define HAVE_UNISTD_H 1
| #define HAVE_SYS_PARAM_H 1
| #define HAVE_GETPAGESIZE 1
| /* end confdefs.h.  */
| #ifndef __APPLE_CC__
| 	       not a universal capable compiler
| 	     #endif
| 	     typedef int dummy;
| 
configure:17426: gcc -c   conftest.cpp >&5
configure:17426: $? = 0
configure:17444: gcc -c   conftest.cpp >&5
conftest.cpp: In function 'int main()':
conftest.cpp:41:8: error: 'big' was not declared in this scope
    not big endian
        ^
configure:17444: $? = 1
configure: failed program was:
| /* confdefs.h */
| #define PACKAGE_NAME "fox"
| #define PACKAGE_TARNAME "fox"
| #define PACKAGE_VERSION "1.6.52"
| #define PACKAGE_STRING "fox 1.6.52"
| #define PACKAGE_BUGREPORT "jeroen@fox-toolkit.com"
| #define PACKAGE_URL ""
| #define PACKAGE "fox"
| #define VERSION "1.6.52"
| #define STDC_HEADERS 1
| #define HAVE_SYS_TYPES_H 1
| #define HAVE_SYS_STAT_H 1
| #define HAVE_STDLIB_H 1
| #define HAVE_STRING_H 1
| #define HAVE_MEMORY_H 1
| #define HAVE_STRINGS_H 1
| #define HAVE_INTTYPES_H 1
| #define HAVE_STDINT_H 1
| #define HAVE_UNISTD_H 1
| #define __EXTENSIONS__ 1
| #define _ALL_SOURCE 1
| #define _GNU_SOURCE 1
| #define _POSIX_PTHREAD_SEMANTICS 1
| #define _TANDEM_SOURCE 1
| #define LT_OBJDIR ".libs/"
| #define X_DISPLAY_MISSING 1
| #define TIME_WITH_SYS_TIME 1
| #define HAVE_DIRENT_H 1
| #define HAVE_STDLIB_H 1
| #define HAVE_UNISTD_H 1
| #define HAVE_SYS_PARAM_H 1
| #define HAVE_GETPAGESIZE 1
| /* end confdefs.h.  */
| #include <sys/types.h>
| 		#include <sys/param.h>
| 
| int
| main ()
| {
| #if BYTE_ORDER != BIG_ENDIAN
| 		 not big endian
| 		#endif
| 
|   ;
|   return 0;
| }
configure:17572: result: no
configure:17592: checking for clock_gettime in -lrt
configure:17617: gcc -o conftest.exe    conftest.cpp -lrt   >&5
C:/logiciels/tdm-gcc-64/bin/../lib/gcc/x86_64-w64-mingw32/5.1.0/../../../../x86_64-w64-mingw32/bin/ld.exe: cannot find -lrt
collect2.exe: error: ld returned 1 exit status
configure:17617: $? = 1
configure: failed program was:
| /* confdefs.h */
| #define PACKAGE_NAME "fox"
| #define PACKAGE_TARNAME "fox"
| #define PACKAGE_VERSION "1.6.52"
| #define PACKAGE_STRING "fox 1.6.52"
| #define PACKAGE_BUGREPORT "jeroen@fox-toolkit.com"
| #define PACKAGE_URL ""
| #define PACKAGE "fox"
| #define VERSION "1.6.52"
| #define STDC_HEADERS 1
| #define HAVE_SYS_TYPES_H 1
| #define HAVE_SYS_STAT_H 1
| #define HAVE_STDLIB_H 1
| #define HAVE_STRING_H 1
| #define HAVE_MEMORY_H 1
| #define HAVE_STRINGS_H 1
| #define HAVE_INTTYPES_H 1
| #define HAVE_STDINT_H 1
| #define HAVE_UNISTD_H 1
| #define __EXTENSIONS__ 1
| #define _ALL_SOURCE 1
| #define _GNU_SOURCE 1
| #define _POSIX_PTHREAD_SEMANTICS 1
| #define _TANDEM_SOURCE 1
| #define LT_OBJDIR ".libs/"
| #define X_DISPLAY_MISSING 1
| #define TIME_WITH_SYS_TIME 1
| #define HAVE_DIRENT_H 1
| #define HAVE_STDLIB_H 1
| #define HAVE_UNISTD_H 1
| #define HAVE_SYS_PARAM_H 1
| #define HAVE_GETPAGESIZE 1
| /* end confdefs.h.  */
| 
| /* Override any GCC internal prototype to avoid an error.
|    Use char because int might match the return type of a GCC
|    builtin and then its argument prototype would still apply.  */
| #ifdef __cplusplus
| extern "C"
| #endif
| char clock_gettime ();
| int
| main ()
| {
| return clock_gettime ();
|   ;
|   return 0;
| }
configure:17626: result: no
configure:17637: checking for pthread_exit in -lpthread
configure:17662: gcc -o conftest.exe    conftest.cpp -lpthread   >&5
configure:17662: $? = 0
configure:17671: result: yes
configure:17684: checking for dlopen in -ldl
configure:17709: gcc -o conftest.exe    conftest.cpp -ldl  -lpthread  >&5
C:/logiciels/tdm-gcc-64/bin/../lib/gcc/x86_64-w64-mingw32/5.1.0/../../../../x86_64-w64-mingw32/bin/ld.exe: cannot find -ldl
collect2.exe: error: ld returned 1 exit status
configure:17709: $? = 1
configure: failed program was:
| /* confdefs.h */
| #define PACKAGE_NAME "fox"
| #define PACKAGE_TARNAME "fox"
| #define PACKAGE_VERSION "1.6.52"
| #define PACKAGE_STRING "fox 1.6.52"
| #define PACKAGE_BUGREPORT "jeroen@fox-toolkit.com"
| #define PACKAGE_URL ""
| #define PACKAGE "fox"
| #define VERSION "1.6.52"
| #define STDC_HEADERS 1
| #define HAVE_SYS_TYPES_H 1
| #define HAVE_SYS_STAT_H 1
| #define HAVE_STDLIB_H 1
| #define HAVE_STRING_H 1
| #define HAVE_MEMORY_H 1
| #define HAVE_STRINGS_H 1
| #define HAVE_INTTYPES_H 1
| #define HAVE_STDINT_H 1
| #define HAVE_UNISTD_H 1
| #define __EXTENSIONS__ 1
| #define _ALL_SOURCE 1
| #define _GNU_SOURCE 1
| #define _POSIX_PTHREAD_SEMANTICS 1
| #define _TANDEM_SOURCE 1
| #define LT_OBJDIR ".libs/"
| #define X_DISPLAY_MISSING 1
| #define TIME_WITH_SYS_TIME 1
| #define HAVE_DIRENT_H 1
| #define HAVE_STDLIB_H 1
| #define HAVE_UNISTD_H 1
| #define HAVE_SYS_PARAM_H 1
| #define HAVE_GETPAGESIZE 1
| #define HAVE_LIBPTHREAD 1
| /* end confdefs.h.  */
| 
| /* Override any GCC internal prototype to avoid an error.
|    Use char because int might match the return type of a GCC
|    builtin and then its argument prototype would still apply.  */
| #ifdef __cplusplus
| extern "C"
| #endif
| char dlopen ();
| int
| main ()
| {
| return dlopen ();
|   ;
|   return 0;
| }
configure:17718: result: no
configure:17729: checking for shl_load in -ldld
configure:17754: gcc -o conftest.exe    conftest.cpp -ldld  -lpthread  >&5
C:/logiciels/tdm-gcc-64/bin/../lib/gcc/x86_64-w64-mingw32/5.1.0/../../../../x86_64-w64-mingw32/bin/ld.exe: cannot find -ldld
collect2.exe: error: ld returned 1 exit status
configure:17754: $? = 1
configure: failed program was:
| /* confdefs.h */
| #define PACKAGE_NAME "fox"
| #define PACKAGE_TARNAME "fox"
| #define PACKAGE_VERSION "1.6.52"
| #define PACKAGE_STRING "fox 1.6.52"
| #define PACKAGE_BUGREPORT "jeroen@fox-toolkit.com"
| #define PACKAGE_URL ""
| #define PACKAGE "fox"
| #define VERSION "1.6.52"
| #define STDC_HEADERS 1
| #define HAVE_SYS_TYPES_H 1
| #define HAVE_SYS_STAT_H 1
| #define HAVE_STDLIB_H 1
| #define HAVE_STRING_H 1
| #define HAVE_MEMORY_H 1
| #define HAVE_STRINGS_H 1
| #define HAVE_INTTYPES_H 1
| #define HAVE_STDINT_H 1
| #define HAVE_UNISTD_H 1
| #define __EXTENSIONS__ 1
| #define _ALL_SOURCE 1
| #define _GNU_SOURCE 1
| #define _POSIX_PTHREAD_SEMANTICS 1
| #define _TANDEM_SOURCE 1
| #define LT_OBJDIR ".libs/"
| #define X_DISPLAY_MISSING 1
| #define TIME_WITH_SYS_TIME 1
| #define HAVE_DIRENT_H 1
| #define HAVE_STDLIB_H 1
| #define HAVE_UNISTD_H 1
| #define HAVE_SYS_PARAM_H 1
| #define HAVE_GETPAGESIZE 1
| #define HAVE_LIBPTHREAD 1
| /* end confdefs.h.  */
| 
| /* Override any GCC internal prototype to avoid an error.
|    Use char because int might match the return type of a GCC
|    builtin and then its argument prototype would still apply.  */
| #ifdef __cplusplus
| extern "C"
| #endif
| char shl_load ();
| int
| main ()
| {
| return shl_load ();
|   ;
|   return 0;
| }
configure:17763: result: no
configure:17779: checking for vsscanf
configure:17779: gcc -o conftest.exe    conftest.cpp -lpthread  >&5
configure:17779: $? = 0
configure:17779: result: yes
configure:17779: checking for vsnprintf
configure:17779: gcc -o conftest.exe    conftest.cpp -lpthread  >&5
configure:17779: $? = 0
configure:17779: result: yes
configure:17779: checking for strtoll
configure:17779: gcc -o conftest.exe    conftest.cpp -lpthread  >&5
configure:17779: $? = 0
configure:17779: result: yes
configure:17779: checking for strtoull
configure:17779: gcc -o conftest.exe    conftest.cpp -lpthread  >&5
configure:17779: $? = 0
configure:17779: result: yes
configure:17796: checking for debugging
configure:17803: result: 
configure:17810: checking for release build
configure:17817: result: yes
configure:17828: checking for profiling
configure:17836: result: 
configure:17851: result: 
configure:17854: checking jpeglib.h usability
configure:17854: gcc -c  -Wall -Wformat -Woverloaded-virtual -Wshadow -O2 -DNDEBUG -Wuninitialized -ffast-math -fstrict-aliasing -finline-functions -fomit-frame-pointer -fexpensive-optimizations  conftest.cpp >&5
conftest.cpp:72:21: fatal error: jpeglib.h: No such file or directory
compilation terminated.
configure:17854: $? = 1
configure: failed program was:
| /* confdefs.h */
| #define PACKAGE_NAME "fox"
| #define PACKAGE_TARNAME "fox"
| #define PACKAGE_VERSION "1.6.52"
| #define PACKAGE_STRING "fox 1.6.52"
| #define PACKAGE_BUGREPORT "jeroen@fox-toolkit.com"
| #define PACKAGE_URL ""
| #define PACKAGE "fox"
| #define VERSION "1.6.52"
| #define STDC_HEADERS 1
| #define HAVE_SYS_TYPES_H 1
| #define HAVE_SYS_STAT_H 1
| #define HAVE_STDLIB_H 1
| #define HAVE_STRING_H 1
| #define HAVE_MEMORY_H 1
| #define HAVE_STRINGS_H 1
| #define HAVE_INTTYPES_H 1
| #define HAVE_STDINT_H 1
| #define HAVE_UNISTD_H 1
| #define __EXTENSIONS__ 1
| #define _ALL_SOURCE 1
| #define _GNU_SOURCE 1
| #define _POSIX_PTHREAD_SEMANTICS 1
| #define _TANDEM_SOURCE 1
| #define LT_OBJDIR ".libs/"
| #define X_DISPLAY_MISSING 1
| #define TIME_WITH_SYS_TIME 1
| #define HAVE_DIRENT_H 1
| #define HAVE_STDLIB_H 1
| #define HAVE_UNISTD_H 1
| #define HAVE_SYS_PARAM_H 1
| #define HAVE_GETPAGESIZE 1
| #define HAVE_LIBPTHREAD 1
| #define HAVE_VSSCANF 1
| #define HAVE_VSNPRINTF 1
| #define HAVE_STRTOLL 1
| #define HAVE_STRTOULL 1
| /* end confdefs.h.  */
| #include <stdio.h>
| #ifdef HAVE_SYS_TYPES_H
| # include <sys/types.h>
| #endif
| #ifdef HAVE_SYS_STAT_H
| # include <sys/stat.h>
| #endif
| #ifdef STDC_HEADERS
| # include <stdlib.h>
| # include <stddef.h>
| #else
| # ifdef HAVE_STDLIB_H
| #  include <stdlib.h>
| # endif
| #endif
| #ifdef HAVE_STRING_H
| # if !defined STDC_HEADERS && defined HAVE_MEMORY_H
| #  include <memory.h>
| # endif
| # include <string.h>
| #endif
| #ifdef HAVE_STRINGS_H
| # include <strings.h>
| #endif
| #ifdef HAVE_INTTYPES_H
| # include <inttypes.h>
| #endif
| #ifdef HAVE_STDINT_H
| # include <stdint.h>
| #endif
| #ifdef HAVE_UNISTD_H
| # include <unistd.h>
| #endif
| #include <jpeglib.h>
configure:17854: result: no
configure:17854: checking jpeglib.h presence
configure:17854: gcc -E  conftest.cpp
conftest.cpp:39:21: fatal error: jpeglib.h: No such file or directory
compilation terminated.
configure:17854: $? = 1
configure: failed program was:
| /* confdefs.h */
| #define PACKAGE_NAME "fox"
| #define PACKAGE_TARNAME "fox"
| #define PACKAGE_VERSION "1.6.52"
| #define PACKAGE_STRING "fox 1.6.52"
| #define PACKAGE_BUGREPORT "jeroen@fox-toolkit.com"
| #define PACKAGE_URL ""
| #define PACKAGE "fox"
| #define VERSION "1.6.52"
| #define STDC_HEADERS 1
| #define HAVE_SYS_TYPES_H 1
| #define HAVE_SYS_STAT_H 1
| #define HAVE_STDLIB_H 1
| #define HAVE_STRING_H 1
| #define HAVE_MEMORY_H 1
| #define HAVE_STRINGS_H 1
| #define HAVE_INTTYPES_H 1
| #define HAVE_STDINT_H 1
| #define HAVE_UNISTD_H 1
| #define __EXTENSIONS__ 1
| #define _ALL_SOURCE 1
| #define _GNU_SOURCE 1
| #define _POSIX_PTHREAD_SEMANTICS 1
| #define _TANDEM_SOURCE 1
| #define LT_OBJDIR ".libs/"
| #define X_DISPLAY_MISSING 1
| #define TIME_WITH_SYS_TIME 1
| #define HAVE_DIRENT_H 1
| #define HAVE_STDLIB_H 1
| #define HAVE_UNISTD_H 1
| #define HAVE_SYS_PARAM_H 1
| #define HAVE_GETPAGESIZE 1
| #define HAVE_LIBPTHREAD 1
| #define HAVE_VSSCANF 1
| #define HAVE_VSNPRINTF 1
| #define HAVE_STRTOLL 1
| #define HAVE_STRTOULL 1
| /* end confdefs.h.  */
| #include <jpeglib.h>
configure:17854: result: no
configure:17854: checking for jpeglib.h
configure:17854: result: no
configure:17869: result: 
configure:17874: checking png.h usability
configure:17874: gcc -c  -Wall -Wformat -Woverloaded-virtual -Wshadow -O2 -DNDEBUG -Wuninitialized -ffast-math -fstrict-aliasing -finline-functions -fomit-frame-pointer -fexpensive-optimizations  conftest.cpp >&5
conftest.cpp:72:17: fatal error: png.h: No such file or directory
compilation terminated.
configure:17874: $? = 1
configure: failed program was:
| /* confdefs.h */
| #define PACKAGE_NAME "fox"
| #define PACKAGE_TARNAME "fox"
| #define PACKAGE_VERSION "1.6.52"
| #define PACKAGE_STRING "fox 1.6.52"
| #define PACKAGE_BUGREPORT "jeroen@fox-toolkit.com"
| #define PACKAGE_URL ""
| #define PACKAGE "fox"
| #define VERSION "1.6.52"
| #define STDC_HEADERS 1
| #define HAVE_SYS_TYPES_H 1
| #define HAVE_SYS_STAT_H 1
| #define HAVE_STDLIB_H 1
| #define HAVE_STRING_H 1
| #define HAVE_MEMORY_H 1
| #define HAVE_STRINGS_H 1
| #define HAVE_INTTYPES_H 1
| #define HAVE_STDINT_H 1
| #define HAVE_UNISTD_H 1
| #define __EXTENSIONS__ 1
| #define _ALL_SOURCE 1
| #define _GNU_SOURCE 1
| #define _POSIX_PTHREAD_SEMANTICS 1
| #define _TANDEM_SOURCE 1
| #define LT_OBJDIR ".libs/"
| #define X_DISPLAY_MISSING 1
| #define TIME_WITH_SYS_TIME 1
| #define HAVE_DIRENT_H 1
| #define HAVE_STDLIB_H 1
| #define HAVE_UNISTD_H 1
| #define HAVE_SYS_PARAM_H 1
| #define HAVE_GETPAGESIZE 1
| #define HAVE_LIBPTHREAD 1
| #define HAVE_VSSCANF 1
| #define HAVE_VSNPRINTF 1
| #define HAVE_STRTOLL 1
| #define HAVE_STRTOULL 1
| /* end confdefs.h.  */
| #include <stdio.h>
| #ifdef HAVE_SYS_TYPES_H
| # include <sys/types.h>
| #endif
| #ifdef HAVE_SYS_STAT_H
| # include <sys/stat.h>
| #endif
| #ifdef STDC_HEADERS
| # include <stdlib.h>
| # include <stddef.h>
| #else
| # ifdef HAVE_STDLIB_H
| #  include <stdlib.h>
| # endif
| #endif
| #ifdef HAVE_STRING_H
| # if !defined STDC_HEADERS && defined HAVE_MEMORY_H
| #  include <memory.h>
| # endif
| # include <string.h>
| #endif
| #ifdef HAVE_STRINGS_H
| # include <strings.h>
| #endif
| #ifdef HAVE_INTTYPES_H
| # include <inttypes.h>
| #endif
| #ifdef HAVE_STDINT_H
| # include <stdint.h>
| #endif
| #ifdef HAVE_UNISTD_H
| # include <unistd.h>
| #endif
| #include <png.h>
configure:17874: result: no
configure:17874: checking png.h presence
configure:17874: gcc -E  conftest.cpp
conftest.cpp:39:17: fatal error: png.h: No such file or directory
compilation terminated.
configure:17874: $? = 1
configure: failed program was:
| /* confdefs.h */
| #define PACKAGE_NAME "fox"
| #define PACKAGE_TARNAME "fox"
| #define PACKAGE_VERSION "1.6.52"
| #define PACKAGE_STRING "fox 1.6.52"
| #define PACKAGE_BUGREPORT "jeroen@fox-toolkit.com"
| #define PACKAGE_URL ""
| #define PACKAGE "fox"
| #define VERSION "1.6.52"
| #define STDC_HEADERS 1
| #define HAVE_SYS_TYPES_H 1
| #define HAVE_SYS_STAT_H 1
| #define HAVE_STDLIB_H 1
| #define HAVE_STRING_H 1
| #define HAVE_MEMORY_H 1
| #define HAVE_STRINGS_H 1
| #define HAVE_INTTYPES_H 1
| #define HAVE_STDINT_H 1
| #define HAVE_UNISTD_H 1
| #define __EXTENSIONS__ 1
| #define _ALL_SOURCE 1
| #define _GNU_SOURCE 1
| #define _POSIX_PTHREAD_SEMANTICS 1
| #define _TANDEM_SOURCE 1
| #define LT_OBJDIR ".libs/"
| #define X_DISPLAY_MISSING 1
| #define TIME_WITH_SYS_TIME 1
| #define HAVE_DIRENT_H 1
| #define HAVE_STDLIB_H 1
| #define HAVE_UNISTD_H 1
| #define HAVE_SYS_PARAM_H 1
| #define HAVE_GETPAGESIZE 1
| #define HAVE_LIBPTHREAD 1
| #define HAVE_VSSCANF 1
| #define HAVE_VSNPRINTF 1
| #define HAVE_STRTOLL 1
| #define HAVE_STRTOULL 1
| /* end confdefs.h.  */
| #include <png.h>
configure:17874: result: no
configure:17874: checking for png.h
configure:17874: result: no
configure:17893: result: 
configure:17898: checking tiff.h usability
configure:17898: gcc -c  -Wall -Wformat -Woverloaded-virtual -Wshadow -O2 -DNDEBUG -Wuninitialized -ffast-math -fstrict-aliasing -finline-functions -fomit-frame-pointer -fexpensive-optimizations  conftest.cpp >&5
conftest.cpp:72:18: fatal error: tiff.h: No such file or directory
compilation terminated.
configure:17898: $? = 1
configure: failed program was:
| /* confdefs.h */
| #define PACKAGE_NAME "fox"
| #define PACKAGE_TARNAME "fox"
| #define PACKAGE_VERSION "1.6.52"
| #define PACKAGE_STRING "fox 1.6.52"
| #define PACKAGE_BUGREPORT "jeroen@fox-toolkit.com"
| #define PACKAGE_URL ""
| #define PACKAGE "fox"
| #define VERSION "1.6.52"
| #define STDC_HEADERS 1
| #define HAVE_SYS_TYPES_H 1
| #define HAVE_SYS_STAT_H 1
| #define HAVE_STDLIB_H 1
| #define HAVE_STRING_H 1
| #define HAVE_MEMORY_H 1
| #define HAVE_STRINGS_H 1
| #define HAVE_INTTYPES_H 1
| #define HAVE_STDINT_H 1
| #define HAVE_UNISTD_H 1
| #define __EXTENSIONS__ 1
| #define _ALL_SOURCE 1
| #define _GNU_SOURCE 1
| #define _POSIX_PTHREAD_SEMANTICS 1
| #define _TANDEM_SOURCE 1
| #define LT_OBJDIR ".libs/"
| #define X_DISPLAY_MISSING 1
| #define TIME_WITH_SYS_TIME 1
| #define HAVE_DIRENT_H 1
| #define HAVE_STDLIB_H 1
| #define HAVE_UNISTD_H 1
| #define HAVE_SYS_PARAM_H 1
| #define HAVE_GETPAGESIZE 1
| #define HAVE_LIBPTHREAD 1
| #define HAVE_VSSCANF 1
| #define HAVE_VSNPRINTF 1
| #define HAVE_STRTOLL 1
| #define HAVE_STRTOULL 1
| /* end confdefs.h.  */
| #include <stdio.h>
| #ifdef HAVE_SYS_TYPES_H
| # include <sys/types.h>
| #endif
| #ifdef HAVE_SYS_STAT_H
| # include <sys/stat.h>
| #endif
| #ifdef STDC_HEADERS
| # include <stdlib.h>
| # include <stddef.h>
| #else
| # ifdef HAVE_STDLIB_H
| #  include <stdlib.h>
| # endif
| #endif
| #ifdef HAVE_STRING_H
| # if !defined STDC_HEADERS && defined HAVE_MEMORY_H
| #  include <memory.h>
| # endif
| # include <string.h>
| #endif
| #ifdef HAVE_STRINGS_H
| # include <strings.h>
| #endif
| #ifdef HAVE_INTTYPES_H
| # include <inttypes.h>
| #endif
| #ifdef HAVE_STDINT_H
| # include <stdint.h>
| #endif
| #ifdef HAVE_UNISTD_H
| # include <unistd.h>
| #endif
| #include <tiff.h>
configure:17898: result: no
configure:17898: checking tiff.h presence
configure:17898: gcc -E  conftest.cpp
conftest.cpp:39:18: fatal error: tiff.h: No such file or directory
compilation terminated.
configure:17898: $? = 1
configure: failed program was:
| /* confdefs.h */
| #define PACKAGE_NAME "fox"
| #define PACKAGE_TARNAME "fox"
| #define PACKAGE_VERSION "1.6.52"
| #define PACKAGE_STRING "fox 1.6.52"
| #define PACKAGE_BUGREPORT "jeroen@fox-toolkit.com"
| #define PACKAGE_URL ""
| #define PACKAGE "fox"
| #define VERSION "1.6.52"
| #define STDC_HEADERS 1
| #define HAVE_SYS_TYPES_H 1
| #define HAVE_SYS_STAT_H 1
| #define HAVE_STDLIB_H 1
| #define HAVE_STRING_H 1
| #define HAVE_MEMORY_H 1
| #define HAVE_STRINGS_H 1
| #define HAVE_INTTYPES_H 1
| #define HAVE_STDINT_H 1
| #define HAVE_UNISTD_H 1
| #define __EXTENSIONS__ 1
| #define _ALL_SOURCE 1
| #define _GNU_SOURCE 1
| #define _POSIX_PTHREAD_SEMANTICS 1
| #define _TANDEM_SOURCE 1
| #define LT_OBJDIR ".libs/"
| #define X_DISPLAY_MISSING 1
| #define TIME_WITH_SYS_TIME 1
| #define HAVE_DIRENT_H 1
| #define HAVE_STDLIB_H 1
| #define HAVE_UNISTD_H 1
| #define HAVE_SYS_PARAM_H 1
| #define HAVE_GETPAGESIZE 1
| #define HAVE_LIBPTHREAD 1
| #define HAVE_VSSCANF 1
| #define HAVE_VSNPRINTF 1
| #define HAVE_STRTOLL 1
| #define HAVE_STRTOULL 1
| /* end confdefs.h.  */
| #include <tiff.h>
configure:17898: result: no
configure:17898: checking for tiff.h
configure:17898: result: no
configure:17917: result: 
configure:17922: checking zlib.h usability
configure:17922: gcc -c  -Wall -Wformat -Woverloaded-virtual -Wshadow -O2 -DNDEBUG -Wuninitialized -ffast-math -fstrict-aliasing -finline-functions -fomit-frame-pointer -fexpensive-optimizations  conftest.cpp >&5
conftest.cpp:72:18: fatal error: zlib.h: No such file or directory
compilation terminated.
configure:17922: $? = 1
configure: failed program was:
| /* confdefs.h */
| #define PACKAGE_NAME "fox"
| #define PACKAGE_TARNAME "fox"
| #define PACKAGE_VERSION "1.6.52"
| #define PACKAGE_STRING "fox 1.6.52"
| #define PACKAGE_BUGREPORT "jeroen@fox-toolkit.com"
| #define PACKAGE_URL ""
| #define PACKAGE "fox"
| #define VERSION "1.6.52"
| #define STDC_HEADERS 1
| #define HAVE_SYS_TYPES_H 1
| #define HAVE_SYS_STAT_H 1
| #define HAVE_STDLIB_H 1
| #define HAVE_STRING_H 1
| #define HAVE_MEMORY_H 1
| #define HAVE_STRINGS_H 1
| #define HAVE_INTTYPES_H 1
| #define HAVE_STDINT_H 1
| #define HAVE_UNISTD_H 1
| #define __EXTENSIONS__ 1
| #define _ALL_SOURCE 1
| #define _GNU_SOURCE 1
| #define _POSIX_PTHREAD_SEMANTICS 1
| #define _TANDEM_SOURCE 1
| #define LT_OBJDIR ".libs/"
| #define X_DISPLAY_MISSING 1
| #define TIME_WITH_SYS_TIME 1
| #define HAVE_DIRENT_H 1
| #define HAVE_STDLIB_H 1
| #define HAVE_UNISTD_H 1
| #define HAVE_SYS_PARAM_H 1
| #define HAVE_GETPAGESIZE 1
| #define HAVE_LIBPTHREAD 1
| #define HAVE_VSSCANF 1
| #define HAVE_VSNPRINTF 1
| #define HAVE_STRTOLL 1
| #define HAVE_STRTOULL 1
| /* end confdefs.h.  */
| #include <stdio.h>
| #ifdef HAVE_SYS_TYPES_H
| # include <sys/types.h>
| #endif
| #ifdef HAVE_SYS_STAT_H
| # include <sys/stat.h>
| #endif
| #ifdef STDC_HEADERS
| # include <stdlib.h>
| # include <stddef.h>
| #else
| # ifdef HAVE_STDLIB_H
| #  include <stdlib.h>
| # endif
| #endif
| #ifdef HAVE_STRING_H
| # if !defined STDC_HEADERS && defined HAVE_MEMORY_H
| #  include <memory.h>
| # endif
| # include <string.h>
| #endif
| #ifdef HAVE_STRINGS_H
| # include <strings.h>
| #endif
| #ifdef HAVE_INTTYPES_H
| # include <inttypes.h>
| #endif
| #ifdef HAVE_STDINT_H
| # include <stdint.h>
| #endif
| #ifdef HAVE_UNISTD_H
| # include <unistd.h>
| #endif
| #include <zlib.h>
configure:17922: result: no
configure:17922: checking zlib.h presence
configure:17922: gcc -E  conftest.cpp
conftest.cpp:39:18: fatal error: zlib.h: No such file or directory
compilation terminated.
configure:17922: $? = 1
configure: failed program was:
| /* confdefs.h */
| #define PACKAGE_NAME "fox"
| #define PACKAGE_TARNAME "fox"
| #define PACKAGE_VERSION "1.6.52"
| #define PACKAGE_STRING "fox 1.6.52"
| #define PACKAGE_BUGREPORT "jeroen@fox-toolkit.com"
| #define PACKAGE_URL ""
| #define PACKAGE "fox"
| #define VERSION "1.6.52"
| #define STDC_HEADERS 1
| #define HAVE_SYS_TYPES_H 1
| #define HAVE_SYS_STAT_H 1
| #define HAVE_STDLIB_H 1
| #define HAVE_STRING_H 1
| #define HAVE_MEMORY_H 1
| #define HAVE_STRINGS_H 1
| #define HAVE_INTTYPES_H 1
| #define HAVE_STDINT_H 1
| #define HAVE_UNISTD_H 1
| #define __EXTENSIONS__ 1
| #define _ALL_SOURCE 1
| #define _GNU_SOURCE 1
| #define _POSIX_PTHREAD_SEMANTICS 1
| #define _TANDEM_SOURCE 1
| #define LT_OBJDIR ".libs/"
| #define X_DISPLAY_MISSING 1
| #define TIME_WITH_SYS_TIME 1
| #define HAVE_DIRENT_H 1
| #define HAVE_STDLIB_H 1
| #define HAVE_UNISTD_H 1
| #define HAVE_SYS_PARAM_H 1
| #define HAVE_GETPAGESIZE 1
| #define HAVE_LIBPTHREAD 1
| #define HAVE_VSSCANF 1
| #define HAVE_VSNPRINTF 1
| #define HAVE_STRTOLL 1
| #define HAVE_STRTOULL 1
| /* end confdefs.h.  */
| #include <zlib.h>
configure:17922: result: no
configure:17922: checking for zlib.h
configure:17922: result: no
configure:17941: result: 
configure:17946: checking bzlib.h usability
configure:17946: gcc -c  -Wall -Wformat -Woverloaded-virtual -Wshadow -O2 -DNDEBUG -Wuninitialized -ffast-math -fstrict-aliasing -finline-functions -fomit-frame-pointer -fexpensive-optimizations  conftest.cpp >&5
conftest.cpp:72:19: fatal error: bzlib.h: No such file or directory
compilation terminated.
configure:17946: $? = 1
configure: failed program was:
| /* confdefs.h */
| #define PACKAGE_NAME "fox"
| #define PACKAGE_TARNAME "fox"
| #define PACKAGE_VERSION "1.6.52"
| #define PACKAGE_STRING "fox 1.6.52"
| #define PACKAGE_BUGREPORT "jeroen@fox-toolkit.com"
| #define PACKAGE_URL ""
| #define PACKAGE "fox"
| #define VERSION "1.6.52"
| #define STDC_HEADERS 1
| #define HAVE_SYS_TYPES_H 1
| #define HAVE_SYS_STAT_H 1
| #define HAVE_STDLIB_H 1
| #define HAVE_STRING_H 1
| #define HAVE_MEMORY_H 1
| #define HAVE_STRINGS_H 1
| #define HAVE_INTTYPES_H 1
| #define HAVE_STDINT_H 1
| #define HAVE_UNISTD_H 1
| #define __EXTENSIONS__ 1
| #define _ALL_SOURCE 1
| #define _GNU_SOURCE 1
| #define _POSIX_PTHREAD_SEMANTICS 1
| #define _TANDEM_SOURCE 1
| #define LT_OBJDIR ".libs/"
| #define X_DISPLAY_MISSING 1
| #define TIME_WITH_SYS_TIME 1
| #define HAVE_DIRENT_H 1
| #define HAVE_STDLIB_H 1
| #define HAVE_UNISTD_H 1
| #define HAVE_SYS_PARAM_H 1
| #define HAVE_GETPAGESIZE 1
| #define HAVE_LIBPTHREAD 1
| #define HAVE_VSSCANF 1
| #define HAVE_VSNPRINTF 1
| #define HAVE_STRTOLL 1
| #define HAVE_STRTOULL 1
| /* end confdefs.h.  */
| #include <stdio.h>
| #ifdef HAVE_SYS_TYPES_H
| # include <sys/types.h>
| #endif
| #ifdef HAVE_SYS_STAT_H
| # include <sys/stat.h>
| #endif
| #ifdef STDC_HEADERS
| # include <stdlib.h>
| # include <stddef.h>
| #else
| # ifdef HAVE_STDLIB_H
| #  include <stdlib.h>
| # endif
| #endif
| #ifdef HAVE_STRING_H
| # if !defined STDC_HEADERS && defined HAVE_MEMORY_H
| #  include <memory.h>
| # endif
| # include <string.h>
| #endif
| #ifdef HAVE_STRINGS_H
| # include <strings.h>
| #endif
| #ifdef HAVE_INTTYPES_H
| # include <inttypes.h>
| #endif
| #ifdef HAVE_STDINT_H
| # include <stdint.h>
| #endif
| #ifdef HAVE_UNISTD_H
| # include <unistd.h>
| #endif
| #include <bzlib.h>
configure:17946: result: no
configure:17946: checking bzlib.h presence
configure:17946: gcc -E  conftest.cpp
conftest.cpp:39:19: fatal error: bzlib.h: No such file or directory
compilation terminated.
configure:17946: $? = 1
configure: failed program was:
| /* confdefs.h */
| #define PACKAGE_NAME "fox"
| #define PACKAGE_TARNAME "fox"
| #define PACKAGE_VERSION "1.6.52"
| #define PACKAGE_STRING "fox 1.6.52"
| #define PACKAGE_BUGREPORT "jeroen@fox-toolkit.com"
| #define PACKAGE_URL ""
| #define PACKAGE "fox"
| #define VERSION "1.6.52"
| #define STDC_HEADERS 1
| #define HAVE_SYS_TYPES_H 1
| #define HAVE_SYS_STAT_H 1
| #define HAVE_STDLIB_H 1
| #define HAVE_STRING_H 1
| #define HAVE_MEMORY_H 1
| #define HAVE_STRINGS_H 1
| #define HAVE_INTTYPES_H 1
| #define HAVE_STDINT_H 1
| #define HAVE_UNISTD_H 1
| #define __EXTENSIONS__ 1
| #define _ALL_SOURCE 1
| #define _GNU_SOURCE 1
| #define _POSIX_PTHREAD_SEMANTICS 1
| #define _TANDEM_SOURCE 1
| #define LT_OBJDIR ".libs/"
| #define X_DISPLAY_MISSING 1
| #define TIME_WITH_SYS_TIME 1
| #define HAVE_DIRENT_H 1
| #define HAVE_STDLIB_H 1
| #define HAVE_UNISTD_H 1
| #define HAVE_SYS_PARAM_H 1
| #define HAVE_GETPAGESIZE 1
| #define HAVE_LIBPTHREAD 1
| #define HAVE_VSSCANF 1
| #define HAVE_VSNPRINTF 1
| #define HAVE_STRTOLL 1
| #define HAVE_STRTOULL 1
| /* end confdefs.h.  */
| #include <bzlib.h>
configure:17946: result: no
configure:17946: checking for bzlib.h
configure:17946: result: no
configure:17959: checking for Xft support
configure:17967: result: no
configure:17984: result: 
configure:17989: checking for X11/extensions/XShm.h
configure:17989: gcc -c  -Wall -Wformat -Woverloaded-virtual -Wshadow -O2 -DNDEBUG -Wuninitialized -ffast-math -fstrict-aliasing -finline-functions -fomit-frame-pointer -fexpensive-optimizations  conftest.cpp >&5
conftest.cpp:39:22: fatal error: X11/Xlib.h: No such file or directory
compilation terminated.
configure:17989: $? = 1
configure: failed program was:
| /* confdefs.h */
| #define PACKAGE_NAME "fox"
| #define PACKAGE_TARNAME "fox"
| #define PACKAGE_VERSION "1.6.52"
| #define PACKAGE_STRING "fox 1.6.52"
| #define PACKAGE_BUGREPORT "jeroen@fox-toolkit.com"
| #define PACKAGE_URL ""
| #define PACKAGE "fox"
| #define VERSION "1.6.52"
| #define STDC_HEADERS 1
| #define HAVE_SYS_TYPES_H 1
| #define HAVE_SYS_STAT_H 1
| #define HAVE_STDLIB_H 1
| #define HAVE_STRING_H 1
| #define HAVE_MEMORY_H 1
| #define HAVE_STRINGS_H 1
| #define HAVE_INTTYPES_H 1
| #define HAVE_STDINT_H 1
| #define HAVE_UNISTD_H 1
| #define __EXTENSIONS__ 1
| #define _ALL_SOURCE 1
| #define _GNU_SOURCE 1
| #define _POSIX_PTHREAD_SEMANTICS 1
| #define _TANDEM_SOURCE 1
| #define LT_OBJDIR ".libs/"
| #define X_DISPLAY_MISSING 1
| #define TIME_WITH_SYS_TIME 1
| #define HAVE_DIRENT_H 1
| #define HAVE_STDLIB_H 1
| #define HAVE_UNISTD_H 1
| #define HAVE_SYS_PARAM_H 1
| #define HAVE_GETPAGESIZE 1
| #define HAVE_LIBPTHREAD 1
| #define HAVE_VSSCANF 1
| #define HAVE_VSNPRINTF 1
| #define HAVE_STRTOLL 1
| #define HAVE_STRTOULL 1
| /* end confdefs.h.  */
| #include <X11/Xlib.h>
| 
| #include <X11/extensions/XShm.h>
configure:17989: result: no
configure:18009: result: 
configure:18014: checking for X11/extensions/shape.h
configure:18014: gcc -c  -Wall -Wformat -Woverloaded-virtual -Wshadow -O2 -DNDEBUG -Wuninitialized -ffast-math -fstrict-aliasing -finline-functions -fomit-frame-pointer -fexpensive-optimizations  conftest.cpp >&5
conftest.cpp:39:22: fatal error: X11/Xlib.h: No such file or directory
compilation terminated.
configure:18014: $? = 1
configure: failed program was:
| /* confdefs.h */
| #define PACKAGE_NAME "fox"
| #define PACKAGE_TARNAME "fox"
| #define PACKAGE_VERSION "1.6.52"
| #define PACKAGE_STRING "fox 1.6.52"
| #define PACKAGE_BUGREPORT "jeroen@fox-toolkit.com"
| #define PACKAGE_URL ""
| #define PACKAGE "fox"
| #define VERSION "1.6.52"
| #define STDC_HEADERS 1
| #define HAVE_SYS_TYPES_H 1
| #define HAVE_SYS_STAT_H 1
| #define HAVE_STDLIB_H 1
| #define HAVE_STRING_H 1
| #define HAVE_MEMORY_H 1
| #define HAVE_STRINGS_H 1
| #define HAVE_INTTYPES_H 1
| #define HAVE_STDINT_H 1
| #define HAVE_UNISTD_H 1
| #define __EXTENSIONS__ 1
| #define _ALL_SOURCE 1
| #define _GNU_SOURCE 1
| #define _POSIX_PTHREAD_SEMANTICS 1
| #define _TANDEM_SOURCE 1
| #define LT_OBJDIR ".libs/"
| #define X_DISPLAY_MISSING 1
| #define TIME_WITH_SYS_TIME 1
| #define HAVE_DIRENT_H 1
| #define HAVE_STDLIB_H 1
| #define HAVE_UNISTD_H 1
| #define HAVE_SYS_PARAM_H 1
| #define HAVE_GETPAGESIZE 1
| #define HAVE_LIBPTHREAD 1
| #define HAVE_VSSCANF 1
| #define HAVE_VSNPRINTF 1
| #define HAVE_STRTOLL 1
| #define HAVE_STRTOULL 1
| /* end confdefs.h.  */
| #include <X11/Xlib.h>
| 
| #include <X11/extensions/shape.h>
configure:18014: result: no
configure:18035: result: 
configure:18040: checking for X11/Xcursor/Xcursor.h
configure:18040: gcc -c  -Wall -Wformat -Woverloaded-virtual -Wshadow -O2 -DNDEBUG -Wuninitialized -ffast-math -fstrict-aliasing -finline-functions -fomit-frame-pointer -fexpensive-optimizations  conftest.cpp >&5
conftest.cpp:39:22: fatal error: X11/Xlib.h: No such file or directory
compilation terminated.
configure:18040: $? = 1
configure: failed program was:
| /* confdefs.h */
| #define PACKAGE_NAME "fox"
| #define PACKAGE_TARNAME "fox"
| #define PACKAGE_VERSION "1.6.52"
| #define PACKAGE_STRING "fox 1.6.52"
| #define PACKAGE_BUGREPORT "jeroen@fox-toolkit.com"
| #define PACKAGE_URL ""
| #define PACKAGE "fox"
| #define VERSION "1.6.52"
| #define STDC_HEADERS 1
| #define HAVE_SYS_TYPES_H 1
| #define HAVE_SYS_STAT_H 1
| #define HAVE_STDLIB_H 1
| #define HAVE_STRING_H 1
| #define HAVE_MEMORY_H 1
| #define HAVE_STRINGS_H 1
| #define HAVE_INTTYPES_H 1
| #define HAVE_STDINT_H 1
| #define HAVE_UNISTD_H 1
| #define __EXTENSIONS__ 1
| #define _ALL_SOURCE 1
| #define _GNU_SOURCE 1
| #define _POSIX_PTHREAD_SEMANTICS 1
| #define _TANDEM_SOURCE 1
| #define LT_OBJDIR ".libs/"
| #define X_DISPLAY_MISSING 1
| #define TIME_WITH_SYS_TIME 1
| #define HAVE_DIRENT_H 1
| #define HAVE_STDLIB_H 1
| #define HAVE_UNISTD_H 1
| #define HAVE_SYS_PARAM_H 1
| #define HAVE_GETPAGESIZE 1
| #define HAVE_LIBPTHREAD 1
| #define HAVE_VSSCANF 1
| #define HAVE_VSNPRINTF 1
| #define HAVE_STRTOLL 1
| #define HAVE_STRTOULL 1
| /* end confdefs.h.  */
| #include <X11/Xlib.h>
| 
| #include <X11/Xcursor/Xcursor.h>
configure:18040: result: no
configure:18061: result: 
configure:18066: checking for X11/extensions/Xrender.h
configure:18066: gcc -c  -Wall -Wformat -Woverloaded-virtual -Wshadow -O2 -DNDEBUG -Wuninitialized -ffast-math -fstrict-aliasing -finline-functions -fomit-frame-pointer -fexpensive-optimizations  conftest.cpp >&5
conftest.cpp:39:22: fatal error: X11/Xlib.h: No such file or directory
compilation terminated.
configure:18066: $? = 1
configure: failed program was:
| /* confdefs.h */
| #define PACKAGE_NAME "fox"
| #define PACKAGE_TARNAME "fox"
| #define PACKAGE_VERSION "1.6.52"
| #define PACKAGE_STRING "fox 1.6.52"
| #define PACKAGE_BUGREPORT "jeroen@fox-toolkit.com"
| #define PACKAGE_URL ""
| #define PACKAGE "fox"
| #define VERSION "1.6.52"
| #define STDC_HEADERS 1
| #define HAVE_SYS_TYPES_H 1
| #define HAVE_SYS_STAT_H 1
| #define HAVE_STDLIB_H 1
| #define HAVE_STRING_H 1
| #define HAVE_MEMORY_H 1
| #define HAVE_STRINGS_H 1
| #define HAVE_INTTYPES_H 1
| #define HAVE_STDINT_H 1
| #define HAVE_UNISTD_H 1
| #define __EXTENSIONS__ 1
| #define _ALL_SOURCE 1
| #define _GNU_SOURCE 1
| #define _POSIX_PTHREAD_SEMANTICS 1
| #define _TANDEM_SOURCE 1
| #define LT_OBJDIR ".libs/"
| #define X_DISPLAY_MISSING 1
| #define TIME_WITH_SYS_TIME 1
| #define HAVE_DIRENT_H 1
| #define HAVE_STDLIB_H 1
| #define HAVE_UNISTD_H 1
| #define HAVE_SYS_PARAM_H 1
| #define HAVE_GETPAGESIZE 1
| #define HAVE_LIBPTHREAD 1
| #define HAVE_VSSCANF 1
| #define HAVE_VSNPRINTF 1
| #define HAVE_STRTOLL 1
| #define HAVE_STRTOULL 1
| /* end confdefs.h.  */
| #include <X11/Xlib.h>
| 
| #include <X11/extensions/Xrender.h>
configure:18066: result: no
configure:18087: result: 
configure:18092: checking for X11/extensions/Xrandr.h
configure:18092: gcc -c  -Wall -Wformat -Woverloaded-virtual -Wshadow -O2 -DNDEBUG -Wuninitialized -ffast-math -fstrict-aliasing -finline-functions -fomit-frame-pointer -fexpensive-optimizations  conftest.cpp >&5
conftest.cpp:39:22: fatal error: X11/Xlib.h: No such file or directory
compilation terminated.
configure:18092: $? = 1
configure: failed program was:
| /* confdefs.h */
| #define PACKAGE_NAME "fox"
| #define PACKAGE_TARNAME "fox"
| #define PACKAGE_VERSION "1.6.52"
| #define PACKAGE_STRING "fox 1.6.52"
| #define PACKAGE_BUGREPORT "jeroen@fox-toolkit.com"
| #define PACKAGE_URL ""
| #define PACKAGE "fox"
| #define VERSION "1.6.52"
| #define STDC_HEADERS 1
| #define HAVE_SYS_TYPES_H 1
| #define HAVE_SYS_STAT_H 1
| #define HAVE_STDLIB_H 1
| #define HAVE_STRING_H 1
| #define HAVE_MEMORY_H 1
| #define HAVE_STRINGS_H 1
| #define HAVE_INTTYPES_H 1
| #define HAVE_STDINT_H 1
| #define HAVE_UNISTD_H 1
| #define __EXTENSIONS__ 1
| #define _ALL_SOURCE 1
| #define _GNU_SOURCE 1
| #define _POSIX_PTHREAD_SEMANTICS 1
| #define _TANDEM_SOURCE 1
| #define LT_OBJDIR ".libs/"
| #define X_DISPLAY_MISSING 1
| #define TIME_WITH_SYS_TIME 1
| #define HAVE_DIRENT_H 1
| #define HAVE_STDLIB_H 1
| #define HAVE_UNISTD_H 1
| #define HAVE_SYS_PARAM_H 1
| #define HAVE_GETPAGESIZE 1
| #define HAVE_LIBPTHREAD 1
| #define HAVE_VSSCANF 1
| #define HAVE_VSNPRINTF 1
| #define HAVE_STRTOLL 1
| #define HAVE_STRTOULL 1
| /* end confdefs.h.  */
| #include <X11/Xlib.h>
| 
| #include <X11/extensions/Xrandr.h>
configure:18092: result: no
configure:18113: result: 
configure:18118: checking for X11/extensions/Xfixes.h
configure:18118: gcc -c  -Wall -Wformat -Woverloaded-virtual -Wshadow -O2 -DNDEBUG -Wuninitialized -ffast-math -fstrict-aliasing -finline-functions -fomit-frame-pointer -fexpensive-optimizations  conftest.cpp >&5
conftest.cpp:39:22: fatal error: X11/Xlib.h: No such file or directory
compilation terminated.
configure:18118: $? = 1
configure: failed program was:
| /* confdefs.h */
| #define PACKAGE_NAME "fox"
| #define PACKAGE_TARNAME "fox"
| #define PACKAGE_VERSION "1.6.52"
| #define PACKAGE_STRING "fox 1.6.52"
| #define PACKAGE_BUGREPORT "jeroen@fox-toolkit.com"
| #define PACKAGE_URL ""
| #define PACKAGE "fox"
| #define VERSION "1.6.52"
| #define STDC_HEADERS 1
| #define HAVE_SYS_TYPES_H 1
| #define HAVE_SYS_STAT_H 1
| #define HAVE_STDLIB_H 1
| #define HAVE_STRING_H 1
| #define HAVE_MEMORY_H 1
| #define HAVE_STRINGS_H 1
| #define HAVE_INTTYPES_H 1
| #define HAVE_STDINT_H 1
| #define HAVE_UNISTD_H 1
| #define __EXTENSIONS__ 1
| #define _ALL_SOURCE 1
| #define _GNU_SOURCE 1
| #define _POSIX_PTHREAD_SEMANTICS 1
| #define _TANDEM_SOURCE 1
| #define LT_OBJDIR ".libs/"
| #define X_DISPLAY_MISSING 1
| #define TIME_WITH_SYS_TIME 1
| #define HAVE_DIRENT_H 1
| #define HAVE_STDLIB_H 1
| #define HAVE_UNISTD_H 1
| #define HAVE_SYS_PARAM_H 1
| #define HAVE_GETPAGESIZE 1
| #define HAVE_LIBPTHREAD 1
| #define HAVE_VSSCANF 1
| #define HAVE_VSNPRINTF 1
| #define HAVE_STRTOLL 1
| #define HAVE_STRTOULL 1
| /* end confdefs.h.  */
| #include <X11/Xlib.h>
| 
| #include <X11/extensions/Xfixes.h>
configure:18118: result: no
configure:18139: result: 
configure:18144: checking for X11/extensions/XInput.h
configure:18144: gcc -c  -Wall -Wformat -Woverloaded-virtual -Wshadow -O2 -DNDEBUG -Wuninitialized -ffast-math -fstrict-aliasing -finline-functions -fomit-frame-pointer -fexpensive-optimizations  conftest.cpp >&5
conftest.cpp:39:22: fatal error: X11/Xlib.h: No such file or directory
compilation terminated.
configure:18144: $? = 1
configure: failed program was:
| /* confdefs.h */
| #define PACKAGE_NAME "fox"
| #define PACKAGE_TARNAME "fox"
| #define PACKAGE_VERSION "1.6.52"
| #define PACKAGE_STRING "fox 1.6.52"
| #define PACKAGE_BUGREPORT "jeroen@fox-toolkit.com"
| #define PACKAGE_URL ""
| #define PACKAGE "fox"
| #define VERSION "1.6.52"
| #define STDC_HEADERS 1
| #define HAVE_SYS_TYPES_H 1
| #define HAVE_SYS_STAT_H 1
| #define HAVE_STDLIB_H 1
| #define HAVE_STRING_H 1
| #define HAVE_MEMORY_H 1
| #define HAVE_STRINGS_H 1
| #define HAVE_INTTYPES_H 1
| #define HAVE_STDINT_H 1
| #define HAVE_UNISTD_H 1
| #define __EXTENSIONS__ 1
| #define _ALL_SOURCE 1
| #define _GNU_SOURCE 1
| #define _POSIX_PTHREAD_SEMANTICS 1
| #define _TANDEM_SOURCE 1
| #define LT_OBJDIR ".libs/"
| #define X_DISPLAY_MISSING 1
| #define TIME_WITH_SYS_TIME 1
| #define HAVE_DIRENT_H 1
| #define HAVE_STDLIB_H 1
| #define HAVE_UNISTD_H 1
| #define HAVE_SYS_PARAM_H 1
| #define HAVE_GETPAGESIZE 1
| #define HAVE_LIBPTHREAD 1
| #define HAVE_VSSCANF 1
| #define HAVE_VSNPRINTF 1
| #define HAVE_STRTOLL 1
| #define HAVE_STRTOULL 1
| /* end confdefs.h.  */
| #include <X11/Xlib.h>
| 
| #include <X11/extensions/XInput.h>
configure:18144: result: no
configure:18165: result: 
configure:18179: checking for OpenGL support
configure:18187: result: no
configure:18386: creating ./config.status

## ---------------------- ##
## Running config.status. ##
## ---------------------- ##

This file was extended by fox config.status 1.6.52, which was
generated by GNU Autoconf 2.68.  Invocation command line was

  CONFIG_FILES    = 
  CONFIG_HEADERS  = 
  CONFIG_LINKS    = 
  CONFIG_COMMANDS = 
  $ ./config.status 

on CRO07850

config.status:1129: creating Makefile
config.status:1129: creating utils/Makefile
config.status:1129: creating include/Makefile
config.status:1129: creating include/fxver.h
config.status:1129: creating src/Makefile
config.status:1129: creating src/version.rc
config.status:1129: creating chart/Makefile
config.status:1129: creating doc/Makefile
config.status:1129: creating doc/art/Makefile
config.status:1129: creating doc/screenshots/Makefile
config.status:1129: creating tests/Makefile
config.status:1129: creating adie/Makefile
config.status:1129: creating shutterbug/Makefile
config.status:1129: creating pathfinder/Makefile
config.status:1129: creating calculator/Makefile
config.status:1129: creating windows/Makefile
config.status:1129: creating fox.spec
config.status:1129: creating fox-config
config.status:1129: creating fox.pc
config.status:1301: executing depfiles commands
config.status:1301: executing libtool commands

## ---------------- ##
## Cache variables. ##
## ---------------- ##

ac_cv_build=x86_64-pc-mingw32
ac_cv_c_bigendian=no
ac_cv_c_compiler_gnu=yes
ac_cv_cxx_compiler_gnu=yes
ac_cv_env_CCC_set=
ac_cv_env_CCC_value=
ac_cv_env_CC_set=
ac_cv_env_CC_value=
ac_cv_env_CFLAGS_set=
ac_cv_env_CFLAGS_value=
ac_cv_env_CPPFLAGS_set=
ac_cv_env_CPPFLAGS_value=
ac_cv_env_CPP_set=
ac_cv_env_CPP_value=
ac_cv_env_CXXCPP_set=
ac_cv_env_CXXCPP_value=
ac_cv_env_CXXFLAGS_set=set
ac_cv_env_CXXFLAGS_value='-O2 -fomit-frame-pointer'
ac_cv_env_CXX_set=set
ac_cv_env_CXX_value=gcc
ac_cv_env_LDFLAGS_set=
ac_cv_env_LDFLAGS_value=
ac_cv_env_LIBS_set=
ac_cv_env_LIBS_value=
ac_cv_env_XMKMF_set=
ac_cv_env_XMKMF_value=
ac_cv_env_build_alias_set=
ac_cv_env_build_alias_value=
ac_cv_env_host_alias_set=
ac_cv_env_host_alias_value=
ac_cv_env_target_alias_set=
ac_cv_env_target_alias_value=
ac_cv_exeext=.exe
ac_cv_func_getpagesize=yes
ac_cv_func_mmap_fixed_mapped=no
ac_cv_func_strtoll=yes
ac_cv_func_strtoull=yes
ac_cv_func_vsnprintf=yes
ac_cv_func_vsscanf=yes
ac_cv_have_x=have_x=no
ac_cv_header_X11_Xcursor_Xcursor_h=no
ac_cv_header_X11_extensions_XInput_h=no
ac_cv_header_X11_extensions_XShm_h=no
ac_cv_header_X11_extensions_Xfixes_h=no
ac_cv_header_X11_extensions_Xrandr_h=no
ac_cv_header_X11_extensions_Xrender_h=no
ac_cv_header_X11_extensions_shape_h=no
ac_cv_header_bzlib_h=no
ac_cv_header_dirent_dirent_h=yes
ac_cv_header_dlfcn_h=no
ac_cv_header_inttypes_h=yes
ac_cv_header_jpeglib_h=no
ac_cv_header_memory_h=yes
ac_cv_header_minix_config_h=no
ac_cv_header_png_h=no
ac_cv_header_stdc=yes
ac_cv_header_stdint_h=yes
ac_cv_header_stdlib_h=yes
ac_cv_header_string_h=yes
ac_cv_header_strings_h=yes
ac_cv_header_sys_param_h=yes
ac_cv_header_sys_stat_h=yes
ac_cv_header_sys_types_h=yes
ac_cv_header_sys_wait_h=no
ac_cv_header_tiff_h=no
ac_cv_header_time=yes
ac_cv_header_unistd_h=yes
ac_cv_header_zlib_h=no
ac_cv_host=x86_64-pc-mingw32
ac_cv_lib_dl_dlopen=no
ac_cv_lib_dld_shl_load=no
ac_cv_lib_pthread_pthread_exit=yes
ac_cv_lib_rt_clock_gettime=no
ac_cv_objext=o
ac_cv_path_EGREP='/usr/bin/grep -E'
ac_cv_path_FGREP='/usr/bin/grep -F'
ac_cv_path_GREP=/usr/bin/grep
ac_cv_path_SED=/usr/bin/sed
ac_cv_path_install='/usr/bin/install -c'
ac_cv_path_mkdir=/usr/bin/mkdir
ac_cv_prog_AWK=gawk
ac_cv_prog_CPP='gcc -E'
ac_cv_prog_CXXCPP='gcc -E'
ac_cv_prog_ac_ct_AR=ar
ac_cv_prog_ac_ct_CC=gcc
ac_cv_prog_ac_ct_DLLTOOL=dlltool
ac_cv_prog_ac_ct_OBJDUMP=objdump
ac_cv_prog_ac_ct_RANLIB=ranlib
ac_cv_prog_ac_ct_STRIP=strip
ac_cv_prog_cc_c89=
ac_cv_prog_cc_g=yes
ac_cv_prog_cxx_g=yes
ac_cv_prog_make_make_set=yes
ac_cv_safe_to_define___extensions__=yes
ac_cv_search_opendir='none required'
am_cv_CC_dependencies_compiler_type=gcc3
am_cv_CXX_dependencies_compiler_type=gcc3
lt_cv_ar_at_file=@
lt_cv_archive_cmds_need_lc=yes
lt_cv_deplibs_check_method='file_magic ^x86 archive import|^x86 DLL'
lt_cv_file_magic_cmd=func_win32_libid
lt_cv_file_magic_test_file=
lt_cv_ld_reload_flag=-r
lt_cv_nm_interface='BSD nm'
lt_cv_objdir=.libs
lt_cv_path_LD=C:/logiciels/tdm-gcc-64/x86_64-w64-mingw32/bin/ld.exe
lt_cv_path_LDCXX=C:/logiciels/tdm-gcc-64/x86_64-w64-mingw32/bin/ld.exe
lt_cv_path_NM=/c/logiciels/tdm-gcc-64/bin/nm
lt_cv_path_mainfest_tool=no
lt_cv_prog_compiler_c_o=yes
lt_cv_prog_compiler_c_o_CXX=yes
lt_cv_prog_compiler_pic='-DDLL_EXPORT -DPIC'
lt_cv_prog_compiler_pic_CXX='-DDLL_EXPORT -DPIC'
lt_cv_prog_compiler_pic_works=yes
lt_cv_prog_compiler_pic_works_CXX=yes
lt_cv_prog_compiler_rtti_exceptions=no
lt_cv_prog_compiler_static_works=yes
lt_cv_prog_compiler_static_works_CXX=yes
lt_cv_prog_gnu_ld=yes
lt_cv_prog_gnu_ldcxx=yes
lt_cv_sharedlib_from_linklib_cmd=func_cygming_dll_for_implib
lt_cv_sys_global_symbol_pipe='sed -n -e '\''s/^.*[	 ]\([ABCDGIRSTW][ABCDGIRSTW]*\)[	 ][	 ]*\([_A-Za-z][_A-Za-z0-9]*\)\{0,1\}$/\1 \2 \2/p'\'' | sed '\''/ __gnu_lto/d'\'''
lt_cv_sys_global_symbol_to_c_name_address='sed -n -e '\''s/^: \([^ ]*\)[ ]*$/  {\"\1\", (void *) 0},/p'\'' -e '\''s/^[ABCDGIRSTW]* \([^ ]*\) \([^ ]*\)$/  {"\2", (void *) \&\2},/p'\'''
lt_cv_sys_global_symbol_to_c_name_address_lib_prefix='sed -n -e '\''s/^: \([^ ]*\)[ ]*$/  {\"\1\", (void *) 0},/p'\'' -e '\''s/^[ABCDGIRSTW]* \([^ ]*\) \(lib[^ ]*\)$/  {"\2", (void *) \&\2},/p'\'' -e '\''s/^[ABCDGIRSTW]* \([^ ]*\) \([^ ]*\)$/  {"lib\2", (void *) \&\2},/p'\'''
lt_cv_sys_global_symbol_to_cdecl='sed -n -e '\''s/^T .* \(.*\)$/extern int \1();/p'\'' -e '\''s/^[ABCDGIRSTW]* .* \(.*\)$/extern char \1;/p'\'''
lt_cv_sys_max_cmd_len=8192
lt_cv_to_host_file_cmd=func_convert_file_msys_to_w32
lt_cv_to_tool_file_cmd=func_convert_file_msys_to_w32

## ----------------- ##
## Output variables. ##
## ----------------- ##

ACLOCAL='${SHELL} /c/fra/build/fox-1.6.52/missing --run aclocal-1.11'
AMDEPBACKSLASH='\'
AMDEP_FALSE='#'
AMDEP_TRUE=''
AMTAR='$${TAR-tar}'
AR='ar'
AUTOCONF='${SHELL} /c/fra/build/fox-1.6.52/missing --run autoconf'
AUTOHEADER='${SHELL} /c/fra/build/fox-1.6.52/missing --run autoheader'
AUTOMAKE='${SHELL} /c/fra/build/fox-1.6.52/missing --run automake-1.11'
AWK='gawk'
CC='gcc'
CCDEPMODE='depmode=gcc3'
CFLAGS='-g -O2'
CPP='gcc -E'
CPPFLAGS=''
CXX='gcc'
CXXCPP='gcc -E'
CXXDEPMODE='depmode=gcc3'
CXXFLAGS=' -Wall -Wformat -Woverloaded-virtual -Wshadow -O2 -DNDEBUG -Wuninitialized -ffast-math -fstrict-aliasing -finline-functions -fomit-frame-pointer -fexpensive-optimizations -DNO_XIM'
CYGPATH_W='cygpath -w'
DEFS='-DPACKAGE_NAME=\"fox\" -DPACKAGE_TARNAME=\"fox\" -DPACKAGE_VERSION=\"1.6.52\" -DPACKAGE_STRING=\"fox\ 1.6.52\" -DPACKAGE_BUGREPORT=\"jeroen@fox-toolkit.com\" -DPACKAGE_URL=\"\" -DPACKAGE=\"fox\" -DVERSION=\"1.6.52\" -DSTDC_HEADERS=1 -DHAVE_SYS_TYPES_H=1 -DHAVE_SYS_STAT_H=1 -DHAVE_STDLIB_H=1 -DHAVE_STRING_H=1 -DHAVE_MEMORY_H=1 -DHAVE_STRINGS_H=1 -DHAVE_INTTYPES_H=1 -DHAVE_STDINT_H=1 -DHAVE_UNISTD_H=1 -D__EXTENSIONS__=1 -D_ALL_SOURCE=1 -D_GNU_SOURCE=1 -D_POSIX_PTHREAD_SEMANTICS=1 -D_TANDEM_SOURCE=1 -DLT_OBJDIR=\".libs/\" -DX_DISPLAY_MISSING=1 -DTIME_WITH_SYS_TIME=1 -DHAVE_DIRENT_H=1 -DHAVE_STDLIB_H=1 -DHAVE_UNISTD_H=1 -DHAVE_SYS_PARAM_H=1 -DHAVE_GETPAGESIZE=1 -DHAVE_LIBPTHREAD=1 -DHAVE_VSSCANF=1 -DHAVE_VSNPRINTF=1 -DHAVE_STRTOLL=1 -DHAVE_STRTOULL=1'
DEPDIR='.deps'
DLLTOOL='dlltool'
DSYMUTIL=''
DUMPBIN=''
ECHO_C=''
ECHO_N='-n'
ECHO_T=''
EGREP='/usr/bin/grep -E'
EXEEXT='.exe'
FGREP='/usr/bin/grep -F'
FOX_BYTEORDER='0'
FOX_MAJOR_VERSION='1'
FOX_MINOR_VERSION='6'
FOX_PATCH_LEVEL='52'
GL_LIBS=''
GREP='/usr/bin/grep'
INSTALL_DATA='${INSTALL} -m 644'
INSTALL_PROGRAM='${INSTALL}'
INSTALL_SCRIPT='${INSTALL}'
INSTALL_STRIP_PROGRAM='$(install_sh) -c -s'
LD='C:/logiciels/tdm-gcc-64/x86_64-w64-mingw32/bin/ld.exe'
LDFLAGS='-s '
LIBOBJS=''
LIBS='-lpthread '
LIBTOOL='$(SHELL) $(top_builddir)/libtool'
LIPO=''
LN_S='cp -p'
LTLIBOBJS=''
LT_AGE='0'
LT_CURRENT='0'
LT_RELEASE='1.6'
LT_REVISION='52'
MAKEINFO='${SHELL} /c/fra/build/fox-1.6.52/missing --run makeinfo'
MANIFEST_TOOL=':'
MKDIR_P='/usr/bin/mkdir -p'
NM='/c/logiciels/tdm-gcc-64/bin/nm'
NMEDIT=''
OBJDUMP='objdump'
OBJEXT='o'
OTOOL64=''
OTOOL=''
PACKAGE='fox'
PACKAGE_BUGREPORT='jeroen@fox-toolkit.com'
PACKAGE_NAME='fox'
PACKAGE_STRING='fox 1.6.52'
PACKAGE_TARNAME='fox'
PACKAGE_URL=''
PACKAGE_VERSION='1.6.52'
PATH_SEPARATOR=':'
RANLIB='ranlib'
SED='/usr/bin/sed'
SET_MAKE=''
SHELL='/bin/sh'
STRIP='strip'
VERSION='1.6.52'
XMKMF=''
X_BASE_LIBS='-lcomctl32 -lwsock32 -lwinspool -lmpr -lgdi32 -limm32'
X_CFLAGS=''
X_EXTRA_LIBS=''
X_LIBS=''
X_PRE_LIBS=''
ac_ct_AR='ar'
ac_ct_CC='gcc'
ac_ct_CXX=''
ac_ct_DUMPBIN=''
am__EXEEXT_FALSE='#'
am__EXEEXT_TRUE=''
am__fastdepCC_FALSE='#'
am__fastdepCC_TRUE=''
am__fastdepCXX_FALSE='#'
am__fastdepCXX_TRUE=''
am__include='include'
am__isrc=''
am__leading_dot='.'
am__nodep='_no'
am__quote=''
am__tar='$${TAR-tar} chof - "$$tardir"'
am__untar='$${TAR-tar} xf -'
bindir='${exec_prefix}/bin'
build='x86_64-pc-mingw32'
build_alias=''
build_cpu='x86_64'
build_os='mingw32'
build_vendor='pc'
datadir='${datarootdir}'
datarootdir='${prefix}/share'
docdir='${datarootdir}/doc/${PACKAGE_TARNAME}'
dvidir='${docdir}'
exec_prefix='${prefix}'
host='x86_64-pc-mingw32'
host_alias=''
host_cpu='x86_64'
host_os='mingw32'
host_vendor='pc'
htmldir='${docdir}'
includedir='${prefix}/include'
infodir='${datarootdir}/info'
install_sh='${SHELL} /c/fra/build/fox-1.6.52/install-sh'
libdir='${exec_prefix}/lib'
libexecdir='${exec_prefix}/libexec'
localedir='${datarootdir}/locale'
localstatedir='${prefix}/var'
mandir='${datarootdir}/man'
mkdir_p='/usr/bin/mkdir -p'
oldincludedir='/usr/include'
pdfdir='${docdir}'
prefix='c:/fra/local'
program_transform_name='s,x,x,'
psdir='${docdir}'
sbindir='${exec_prefix}/sbin'
sharedstatedir='${prefix}/com'
sysconfdir='${prefix}/etc'
target_alias=''

## ----------- ##
## confdefs.h. ##
## ----------- ##

/* confdefs.h */
#define PACKAGE_NAME "fox"
#define PACKAGE_TARNAME "fox"
#define PACKAGE_VERSION "1.6.52"
#define PACKAGE_STRING "fox 1.6.52"
#define PACKAGE_BUGREPORT "jeroen@fox-toolkit.com"
#define PACKAGE_URL ""
#define PACKAGE "fox"
#define VERSION "1.6.52"
#define STDC_HEADERS 1
#define HAVE_SYS_TYPES_H 1
#define HAVE_SYS_STAT_H 1
#define HAVE_STDLIB_H 1
#define HAVE_STRING_H 1
#define HAVE_MEMORY_H 1
#define HAVE_STRINGS_H 1
#define HAVE_INTTYPES_H 1
#define HAVE_STDINT_H 1
#define HAVE_UNISTD_H 1
#define __EXTENSIONS__ 1
#define _ALL_SOURCE 1
#define _GNU_SOURCE 1
#define _POSIX_PTHREAD_SEMANTICS 1
#define _TANDEM_SOURCE 1
#define LT_OBJDIR ".libs/"
#define X_DISPLAY_MISSING 1
#define TIME_WITH_SYS_TIME 1
#define HAVE_DIRENT_H 1
#define HAVE_STDLIB_H 1
#define HAVE_UNISTD_H 1
#define HAVE_SYS_PARAM_H 1
#define HAVE_GETPAGESIZE 1
#define HAVE_LIBPTHREAD 1
#define HAVE_VSSCANF 1
#define HAVE_VSNPRINTF 1
#define HAVE_STRTOLL 1
#define HAVE_STRTOULL 1

configure: exit 0
